C51 COMPILER V9.00   CHANNELS                                                              06/20/2014 09:02:40 PAGE 1   


C51 COMPILER V9.00, COMPILATION OF MODULE CHANNELS
OBJECT MODULE PLACED IN channels.obj
COMPILER INVOKED BY: C:\Program Files\Keil\C51\BIN\C51.EXE proto_uso\channels.c LARGE OPTIMIZE(6,SPEED) BROWSE ORDER NOA
                    -REGS DEBUG OBJECTEXTEND CODE SYMBOLS PRINT(.\channels.lst) OBJECT(channels.obj)

line level    source

   1          #include "channels.h"
   2          #include "crc_table.h"
   3          
   4          //-----------------------------------
   5          volatile struct Channel xdata channels[CHANNEL_NUMBER] /*_at_ 0x20*/;
   6          extern unsigned char code Crc8Table[];
   7          
   8          unsigned char channel_number=CHANNEL_NUMBER;//количество каналов
   9          //-----------------------------------
  10          void ChannelsInit(void) //using 0//инициализация структуры каналов
  11          {       
  12   1              Restore_Channels_Data();
  13   1              channels[0].channel_data=0;
  14   1              channels[1].channel_data=0;
  15   1              channels[2].channel_data=0;
  16   1              channels[3].channel_data=0;
  17   1              channels[4].channel_data=0;
  18   1              channels[5].channel_data=0;
  19   1              channels[6].channel_data=0;
  20   1              channels[7].channel_data=0;
  21   1              channels[8].channel_data=0;
  22   1              channels[9].channel_data=0;
  23   1              channels[10].channel_data=0;
  24   1      //      channels[11].channel_data=0x80008000;
  25   1              channels[12].channel_data=0;
  26   1              channels[13].channel_data=0;
  27   1      
  28   1              channels[11].settings.set.state_byte_1=0x40;
  29   1              channels[11].settings.set.state_byte_2=0x0A;
  30   1              channels[11].channel_data=0x80008000;
  31   1              return;
  32   1      }
  33          //-----------------------------------
  34          void Store_Channels_Data(void) //using 0//Сохраним данные каналов в ППЗУ
  35          {
  36   1              unsigned char i=0;
  37   1              unsigned long crc=0;
  38   1              for(i=0;i<CHANNEL_NUMBER;i++)
  39   1              {
  40   2                      EEPROM_Write(&channels[i].settings.serialize,1,ADC_SETTINGS_ADDR+i);
  41   2              }       
  42   1              crc=(unsigned long)Channels_Get_Settings_CRC();
  43   1              EEPROM_Write(&crc,1,SETTINGS_DEVICE_CRC_ADDR);//запомним CRC настроек
  44   1              return;
  45   1      }
  46          //-----------------------------------
  47          void Restore_Channels_Data(void) //using 0//Восстановим данные каналов из ППЗУ
  48          {
  49   1              unsigned char i=0;
  50   1              unsigned long crc=0, crc_true=0;
  51   1              for(i=0;i<CHANNEL_NUMBER;i++)
  52   1              {
  53   2                      EEPROM_Read(&channels[i].settings.serialize,1,ADC_SETTINGS_ADDR+i);
  54   2              }
C51 COMPILER V9.00   CHANNELS                                                              06/20/2014 09:02:40 PAGE 2   

  55   1              crc_true=(unsigned long)Channels_Get_Settings_CRC();
  56   1              EEPROM_Read(&crc,1,SETTINGS_DEVICE_CRC_ADDR);//считаем CRC настроек
  57   1      
  58   1              if(crc_true!=crc)//сбой eeprom, обнулим настройки
  59   1              {
  60   2                      Channels_Set_Default();
  61   2              }
  62   1      
  63   1              return;
  64   1      }
  65          //----------------------------------
  66          void Channels_Set_Default(void)//сбросить значения каналов по умолчанию
  67          {       
  68   1      
  69   1                      channels[0].number=0;            
  70   1                      channels[0].settings.set.type=CHNL_ADC;
  71   1                      channels[0].settings.set.modific=CHNL_ADC_FIX_24;
  72   1                      channels[0].settings.set.state_byte_1=0x40;
  73   1                      channels[0].settings.set.state_byte_2=0x06;
  74   1                      channels[0].channel_data=0;
  75   1                      channels[0].channel_data_calibrate=0;
  76   1              //      channels[0].calibrate.cal.calibrate=0;
  77   1                      // КАНАЛ 2 - фиксированый АЦП
  78   1                      channels[1].number=1;
  79   1                      channels[1].settings.set.type=CHNL_ADC;
  80   1                      channels[1].settings.set.modific=CHNL_ADC_FIX_24;
  81   1                      channels[1].settings.set.state_byte_1=0x40;
  82   1                      channels[1].settings.set.state_byte_2=0x06;
  83   1                      channels[1].channel_data=0;
  84   1                      channels[1].channel_data_calibrate=0;
  85   1              //      channels[1].calibrate.cal.calibrate=0;
  86   1                      // КАНАЛ 3 - фиксированый АЦП
  87   1                      channels[2].number=2;            
  88   1                      channels[2].settings.set.type=CHNL_ADC;
  89   1                      channels[2].settings.set.modific=CHNL_ADC_FIX_24;
  90   1                      channels[2].settings.set.state_byte_1=0x40;
  91   1                      channels[2].settings.set.state_byte_2=0x06;
  92   1                      channels[2].channel_data=0;
  93   1                      channels[2].channel_data_calibrate=0;
  94   1              //      channels[2].calibrate.cal.calibrate=0;
  95   1                      // КАНАЛ 4 - фиксированый АЦП
  96   1                      channels[3].number=3;            
  97   1                      channels[3].settings.set.type=CHNL_ADC;
  98   1                      channels[3].settings.set.modific=CHNL_ADC_FIX_24;
  99   1                      channels[3].settings.set.state_byte_1=0x40;
 100   1                      channels[3].settings.set.state_byte_2=0x06;
 101   1                      channels[3].channel_data=0;
 102   1                      channels[3].channel_data_calibrate=0;
 103   1              //      channels[3].calibrate.cal.calibrate=0;
 104   1                      // КАНАЛ 5 - фиксированый АЦП
 105   1                      channels[4].number=4;            
 106   1                      channels[4].settings.set.type=CHNL_ADC;
 107   1                      channels[4].settings.set.modific=CHNL_ADC_FIX_24;
 108   1                      channels[4].settings.set.state_byte_1=0x40;
 109   1                      channels[4].settings.set.state_byte_2=0x06;
 110   1                      channels[4].channel_data=0;
 111   1                      channels[4].channel_data_calibrate=0;
 112   1              //      channels[4].calibrate.cal.calibrate=0;
 113   1                      // КАНАЛ 6 - фиксированый АЦП
 114   1                      channels[5].number=5;            
 115   1                      channels[5].settings.set.type=CHNL_ADC;
 116   1                      channels[5].settings.set.modific=CHNL_ADC_FIX_24;
C51 COMPILER V9.00   CHANNELS                                                              06/20/2014 09:02:40 PAGE 3   

 117   1                      channels[5].settings.set.state_byte_1=0x40;
 118   1                      channels[5].settings.set.state_byte_2=0x06;
 119   1                      channels[5].channel_data=0;
 120   1                      channels[5].channel_data_calibrate=0;
 121   1              //      channels[5].calibrate.cal.calibrate=0;
 122   1                      // КАНАЛ 7 - фиксированый АЦП
 123   1                      channels[6].number=6;            
 124   1                      channels[6].settings.set.type=CHNL_ADC;
 125   1                      channels[6].settings.set.modific=CHNL_ADC_FIX_24;
 126   1                      channels[6].settings.set.state_byte_1=0x40;
 127   1                      channels[6].settings.set.state_byte_2=0x06;
 128   1                      channels[6].channel_data=0;
 129   1                      channels[6].channel_data_calibrate=0;
 130   1              //      channels[6].calibrate.cal.calibrate=0;
 131   1                      // КАНАЛ 8 - фиксированый АЦП
 132   1                      channels[7].number=7;            
 133   1                      channels[7].settings.set.type=CHNL_ADC;
 134   1                      channels[7].settings.set.modific=CHNL_ADC_FIX_24;
 135   1                      channels[7].settings.set.state_byte_1=0x40;
 136   1                      channels[7].settings.set.state_byte_2=0x06;
 137   1                      channels[7].channel_data=0;
 138   1                      channels[7].channel_data_calibrate=0;
 139   1              //      channels[7].calibrate.cal.calibrate=0;
 140   1                      // КАНАЛ 9 - Частотомер 0-256 Гц
 141   1                      channels[8].number=8;            
 142   1                      channels[8].settings.set.type=CHNL_FREQ;
 143   1                      channels[8].settings.set.modific=CHNL_FREQ_256;
 144   1                      channels[8].settings.set.state_byte_1=0x40;
 145   1                      channels[8].settings.set.state_byte_2=0x0A;
 146   1                      channels[8].channel_data=0x0;
 147   1              //      channels[8].calibrate.cal.calibrate=0;
 148   1                      // КАНАЛ 10 - Частотомер 0-256 Гц
 149   1                      channels[9].number=9;            
 150   1                      channels[9].settings.set.type=CHNL_FREQ;
 151   1                      channels[9].settings.set.modific=CHNL_FREQ_256;
 152   1                      channels[9].settings.set.state_byte_1=0x40;
 153   1                      channels[9].settings.set.state_byte_2=0x0A;
 154   1                      channels[9].channel_data=0x0;
 155   1              //      channels[9].calibrate.cal.calibrate=0;
 156   1                      // КАНАЛ 11 - Частотомер 0-256 Гц
 157   1                      channels[10].number=10;          
 158   1                      channels[10].settings.set.type=CHNL_FREQ;
 159   1                      channels[10].settings.set.modific=CHNL_FREQ_256;
 160   1                      channels[10].settings.set.state_byte_1=0x40;
 161   1                      channels[10].settings.set.state_byte_2=0x0A;
 162   1                      channels[10].channel_data=0x1;
 163   1              //      channels[10].calibrate.cal.calibrate=0;
 164   1                      // КАНАЛ 12 - ДОЛ I2C
 165   1                      channels[11].number=11;          
 166   1                      channels[11].settings.set.type=CHNL_DOL;
 167   1                      channels[11].settings.set.modific=CHNL_DOL_ENC;
 168   1                      channels[11].settings.set.state_byte_1=0x40;
 169   1                      channels[11].settings.set.state_byte_2=0x0A;
 170   1                      channels[11].channel_data=0x80008000;
 171   1              //      channels[11].calibrate.cal.calibrate=0;
 172   1                                      // КАНАЛ 13 частота
 173   1                      channels[12].number=12;          
 174   1                      channels[12].settings.set.type=CHNL_FREQ;
 175   1                      channels[12].settings.set.modific=CHNL_FREQ_COUNT_T;
 176   1                      channels[12].settings.set.state_byte_1=0x40;
 177   1                      channels[12].settings.set.state_byte_2=0x0A;
 178   1                      channels[12].channel_data=0x0;
C51 COMPILER V9.00   CHANNELS                                                              06/20/2014 09:02:40 PAGE 4   

 179   1      
 180   1                                      // КАНАЛ 14 частота средняя
 181   1                      channels[13].number=13;          
 182   1                      channels[13].settings.set.type=CHNL_FREQ;
 183   1                      channels[13].settings.set.modific=CHNL_FREQ_COUNT_T;
 184   1                      channels[13].settings.set.state_byte_1=0x40;
 185   1                      channels[13].settings.set.state_byte_2=0x0A;
 186   1                      channels[13].channel_data=0x0;  
 187   1      
 188   1                      Store_Channels_Data();
 189   1      
 190   1      }
 191          //-------------------------------
 192          unsigned char Channels_Get_Settings_CRC(void)//расчет crc настроек в eerprom
 193          {
 194   1               unsigned char crc = 0x0;
 195   1               unsigned char i=0,j=0;
 196   1      
 197   1           for(i=0;i<CHANNEL_NUMBER;i++)
 198   1               {
 199   2              for(j=0;j<4;j++)
 200   2                      {
 201   3                              crc = Crc8Table[crc ^ (((unsigned char *)(&channels[i].settings.serialize))[j])];
 202   3                      }
 203   2               }
 204   1      
 205   1           return crc;
 206   1      }
C51 COMPILER V9.00   CHANNELS                                                              06/20/2014 09:02:40 PAGE 5   

ASSEMBLY LISTING OF GENERATED OBJECT CODE


             ; FUNCTION ChannelsInit (BEGIN)
                                           ; SOURCE LINE # 10
                                           ; SOURCE LINE # 11
                                           ; SOURCE LINE # 12
0000 120000      R     LCALL   Restore_Channels_Data
                                           ; SOURCE LINE # 13
0003 900000      R     MOV     DPTR,#channels+05H
0006 120000      E     LCALL   ?C?LSTKXDATA
0009 00                DB      00H
000A 00                DB      00H
000B 00                DB      00H
000C 00                DB      00H
                                           ; SOURCE LINE # 14
000D 900000      R     MOV     DPTR,#channels+01EH
0010 120000      E     LCALL   ?C?LSTKXDATA
0013 00                DB      00H
0014 00                DB      00H
0015 00                DB      00H
0016 00                DB      00H
                                           ; SOURCE LINE # 15
0017 900000      R     MOV     DPTR,#channels+037H
001A 120000      E     LCALL   ?C?LSTKXDATA
001D 00                DB      00H
001E 00                DB      00H
001F 00                DB      00H
0020 00                DB      00H
                                           ; SOURCE LINE # 16
0021 900000      R     MOV     DPTR,#channels+050H
0024 120000      E     LCALL   ?C?LSTKXDATA
0027 00                DB      00H
0028 00                DB      00H
0029 00                DB      00H
002A 00                DB      00H
                                           ; SOURCE LINE # 17
002B 900000      R     MOV     DPTR,#channels+069H
002E 120000      E     LCALL   ?C?LSTKXDATA
0031 00                DB      00H
0032 00                DB      00H
0033 00                DB      00H
0034 00                DB      00H
                                           ; SOURCE LINE # 18
0035 900000      R     MOV     DPTR,#channels+082H
0038 120000      E     LCALL   ?C?LSTKXDATA
003B 00                DB      00H
003C 00                DB      00H
003D 00                DB      00H
003E 00                DB      00H
                                           ; SOURCE LINE # 19
003F 900000      R     MOV     DPTR,#channels+09BH
0042 120000      E     LCALL   ?C?LSTKXDATA
0045 00                DB      00H
0046 00                DB      00H
0047 00                DB      00H
0048 00                DB      00H
                                           ; SOURCE LINE # 20
0049 900000      R     MOV     DPTR,#channels+0B4H
004C 120000      E     LCALL   ?C?LSTKXDATA
004F 00                DB      00H
0050 00                DB      00H
C51 COMPILER V9.00   CHANNELS                                                              06/20/2014 09:02:40 PAGE 6   

0051 00                DB      00H
0052 00                DB      00H
                                           ; SOURCE LINE # 21
0053 900000      R     MOV     DPTR,#channels+0CDH
0056 120000      E     LCALL   ?C?LSTKXDATA
0059 00                DB      00H
005A 00                DB      00H
005B 00                DB      00H
005C 00                DB      00H
                                           ; SOURCE LINE # 22
005D 900000      R     MOV     DPTR,#channels+0E6H
0060 120000      E     LCALL   ?C?LSTKXDATA
0063 00                DB      00H
0064 00                DB      00H
0065 00                DB      00H
0066 00                DB      00H
                                           ; SOURCE LINE # 23
0067 900000      R     MOV     DPTR,#channels+0FFH
006A 120000      E     LCALL   ?C?LSTKXDATA
006D 00                DB      00H
006E 00                DB      00H
006F 00                DB      00H
0070 00                DB      00H
                                           ; SOURCE LINE # 25
0071 900000      R     MOV     DPTR,#channels+0131H
0074 120000      E     LCALL   ?C?LSTKXDATA
0077 00                DB      00H
0078 00                DB      00H
0079 00                DB      00H
007A 00                DB      00H
                                           ; SOURCE LINE # 26
007B 900000      R     MOV     DPTR,#channels+014AH
007E 120000      E     LCALL   ?C?LSTKXDATA
0081 00                DB      00H
0082 00                DB      00H
0083 00                DB      00H
0084 00                DB      00H
                                           ; SOURCE LINE # 28
0085 900000      R     MOV     DPTR,#channels+0116H
0088 7440              MOV     A,#040H
008A F0                MOVX    @DPTR,A
                                           ; SOURCE LINE # 29
008B A3                INC     DPTR
008C 740A              MOV     A,#0AH
008E F0                MOVX    @DPTR,A
                                           ; SOURCE LINE # 30
008F A3                INC     DPTR
0090 120000      E     LCALL   ?C?LSTKXDATA
0093 80                DB      080H
0094 00                DB      00H
0095 80                DB      080H
0096 00                DB      00H
                                           ; SOURCE LINE # 32
0097         ?C0001:
0097 22                RET     
             ; FUNCTION ChannelsInit (END)

             ; FUNCTION Store_Channels_Data (BEGIN)
                                           ; SOURCE LINE # 34
                                           ; SOURCE LINE # 35
                                           ; SOURCE LINE # 36
0000 E4                CLR     A
C51 COMPILER V9.00   CHANNELS                                                              06/20/2014 09:02:40 PAGE 7   

0001 900000      R     MOV     DPTR,#i
0004 F0                MOVX    @DPTR,A
                                           ; SOURCE LINE # 37
0005 A3                INC     DPTR
0006 120000      E     LCALL   ?C?LSTKXDATA
0009 00                DB      00H
000A 00                DB      00H
000B 00                DB      00H
000C 00                DB      00H
                                           ; SOURCE LINE # 38
000D E4                CLR     A
000E 900000      R     MOV     DPTR,#i
0011 F0                MOVX    @DPTR,A
0012         ?C0002:
0012 900000      R     MOV     DPTR,#i
0015 E0                MOVX    A,@DPTR
0016 FF                MOV     R7,A
0017 C3                CLR     C
0018 940E              SUBB    A,#0EH
001A 502B              JNC     ?C0003
                                           ; SOURCE LINE # 39
                                           ; SOURCE LINE # 40
001C EF                MOV     A,R7
001D 75F019            MOV     B,#019H
0020 A4                MUL     AB
0021 2400        R     ADD     A,#LOW channels+01H
0023 F9                MOV     R1,A
0024 7400        R     MOV     A,#HIGH channels+01H
0026 35F0              ADDC    A,B
0028 FA                MOV     R2,A
0029 7B01              MOV     R3,#01H
002B E0                MOVX    A,@DPTR
002C 2410              ADD     A,#010H
002E FE                MOV     R6,A
002F E4                CLR     A
0030 33                RLC     A
0031 900000      E     MOV     DPTR,#?_EEPROM_Write?BYTE+05H
0034 F0                MOVX    @DPTR,A
0035 A3                INC     DPTR
0036 CE                XCH     A,R6
0037 F0                MOVX    @DPTR,A
0038 7D01              MOV     R5,#01H
003A 7C00              MOV     R4,#00H
003C 120000      E     LCALL   _EEPROM_Write
                                           ; SOURCE LINE # 41
003F 900000      R     MOV     DPTR,#i
0042 E0                MOVX    A,@DPTR
0043 04                INC     A
0044 F0                MOVX    @DPTR,A
0045 80CB              SJMP    ?C0002
0047         ?C0003:
                                           ; SOURCE LINE # 42
0047 120000      R     LCALL   Channels_Get_Settings_CRC
004A E4                CLR     A
004B FC                MOV     R4,A
004C FD                MOV     R5,A
004D FE                MOV     R6,A
004E 900000      R     MOV     DPTR,#crc
0051 120000      E     LCALL   ?C?LSTXDATA
                                           ; SOURCE LINE # 43
0054 7B01              MOV     R3,#01H
0056 7A00        R     MOV     R2,#HIGH crc
C51 COMPILER V9.00   CHANNELS                                                              06/20/2014 09:02:40 PAGE 8   

0058 7900        R     MOV     R1,#LOW crc
005A 900000      E     MOV     DPTR,#?_EEPROM_Write?BYTE+05H
005D E4                CLR     A
005E F0                MOVX    @DPTR,A
005F A3                INC     DPTR
0060 74A0              MOV     A,#0A0H
0062 F0                MOVX    @DPTR,A
0063 7D01              MOV     R5,#01H
0065 7C00              MOV     R4,#00H
0067 120000      E     LCALL   _EEPROM_Write
                                           ; SOURCE LINE # 45
006A         ?C0005:
006A 22                RET     
             ; FUNCTION Store_Channels_Data (END)

             ; FUNCTION Restore_Channels_Data (BEGIN)
                                           ; SOURCE LINE # 47
                                           ; SOURCE LINE # 48
                                           ; SOURCE LINE # 49
0000 E4                CLR     A
0001 900000      R     MOV     DPTR,#i
0004 F0                MOVX    @DPTR,A
                                           ; SOURCE LINE # 50
0005 A3                INC     DPTR
0006 120000      E     LCALL   ?C?LSTKXDATA
0009 00                DB      00H
000A 00                DB      00H
000B 00                DB      00H
000C 00                DB      00H
000D 900000      R     MOV     DPTR,#crc_true
0010 120000      E     LCALL   ?C?LSTKXDATA
0013 00                DB      00H
0014 00                DB      00H
0015 00                DB      00H
0016 00                DB      00H
                                           ; SOURCE LINE # 51
0017 E4                CLR     A
0018 900000      R     MOV     DPTR,#i
001B F0                MOVX    @DPTR,A
001C         ?C0006:
001C 900000      R     MOV     DPTR,#i
001F E0                MOVX    A,@DPTR
0020 FF                MOV     R7,A
0021 C3                CLR     C
0022 940E              SUBB    A,#0EH
0024 502B              JNC     ?C0007
                                           ; SOURCE LINE # 52
                                           ; SOURCE LINE # 53
0026 EF                MOV     A,R7
0027 75F019            MOV     B,#019H
002A A4                MUL     AB
002B 2400        R     ADD     A,#LOW channels+01H
002D F9                MOV     R1,A
002E 7400        R     MOV     A,#HIGH channels+01H
0030 35F0              ADDC    A,B
0032 FA                MOV     R2,A
0033 7B01              MOV     R3,#01H
0035 E0                MOVX    A,@DPTR
0036 2410              ADD     A,#010H
0038 FE                MOV     R6,A
0039 E4                CLR     A
003A 33                RLC     A
C51 COMPILER V9.00   CHANNELS                                                              06/20/2014 09:02:40 PAGE 9   

003B 900000      E     MOV     DPTR,#?_EEPROM_Read?BYTE+05H
003E F0                MOVX    @DPTR,A
003F A3                INC     DPTR
0040 CE                XCH     A,R6
0041 F0                MOVX    @DPTR,A
0042 7D01              MOV     R5,#01H
0044 7C00              MOV     R4,#00H
0046 120000      E     LCALL   _EEPROM_Read
                                           ; SOURCE LINE # 54
0049 900000      R     MOV     DPTR,#i
004C E0                MOVX    A,@DPTR
004D 04                INC     A
004E F0                MOVX    @DPTR,A
004F 80CB              SJMP    ?C0006
0051         ?C0007:
                                           ; SOURCE LINE # 55
0051 120000      R     LCALL   Channels_Get_Settings_CRC
0054 E4                CLR     A
0055 FC                MOV     R4,A
0056 FD                MOV     R5,A
0057 FE                MOV     R6,A
0058 900000      R     MOV     DPTR,#crc_true
005B 120000      E     LCALL   ?C?LSTXDATA
                                           ; SOURCE LINE # 56
005E 7B01              MOV     R3,#01H
0060 7A00        R     MOV     R2,#HIGH crc
0062 7900        R     MOV     R1,#LOW crc
0064 900000      E     MOV     DPTR,#?_EEPROM_Read?BYTE+05H
0067 E4                CLR     A
0068 F0                MOVX    @DPTR,A
0069 A3                INC     DPTR
006A 74A0              MOV     A,#0A0H
006C F0                MOVX    @DPTR,A
006D 7D01              MOV     R5,#01H
006F 7C00              MOV     R4,#00H
0071 120000      E     LCALL   _EEPROM_Read
                                           ; SOURCE LINE # 58
0074 900000      R     MOV     DPTR,#crc
0077 E0                MOVX    A,@DPTR
0078 FC                MOV     R4,A
0079 A3                INC     DPTR
007A E0                MOVX    A,@DPTR
007B FD                MOV     R5,A
007C A3                INC     DPTR
007D E0                MOVX    A,@DPTR
007E FE                MOV     R6,A
007F A3                INC     DPTR
0080 E0                MOVX    A,@DPTR
0081 FF                MOV     R7,A
0082 A3                INC     DPTR
0083 E0                MOVX    A,@DPTR
0084 F8                MOV     R0,A
0085 A3                INC     DPTR
0086 E0                MOVX    A,@DPTR
0087 F9                MOV     R1,A
0088 A3                INC     DPTR
0089 E0                MOVX    A,@DPTR
008A FA                MOV     R2,A
008B A3                INC     DPTR
008C E0                MOVX    A,@DPTR
008D FB                MOV     R3,A
008E C3                CLR     C
C51 COMPILER V9.00   CHANNELS                                                              06/20/2014 09:02:40 PAGE 10  

008F 120000      E     LCALL   ?C?ULCMP
0092 6003              JZ      ?C0010
                                           ; SOURCE LINE # 59
                                           ; SOURCE LINE # 60
0094 120000      R     LCALL   Channels_Set_Default
                                           ; SOURCE LINE # 61
                                           ; SOURCE LINE # 64
0097         ?C0010:
0097 22                RET     
             ; FUNCTION Restore_Channels_Data (END)

             ; FUNCTION Channels_Set_Default (BEGIN)
                                           ; SOURCE LINE # 66
                                           ; SOURCE LINE # 67
                                           ; SOURCE LINE # 69
0000 E4                CLR     A
0001 900000      R     MOV     DPTR,#channels
0004 F0                MOVX    @DPTR,A
                                           ; SOURCE LINE # 70
0005 A3                INC     DPTR
0006 F0                MOVX    @DPTR,A
                                           ; SOURCE LINE # 71
0007 A3                INC     DPTR
0008 7403              MOV     A,#03H
000A F0                MOVX    @DPTR,A
                                           ; SOURCE LINE # 72
000B A3                INC     DPTR
000C 7440              MOV     A,#040H
000E F0                MOVX    @DPTR,A
                                           ; SOURCE LINE # 73
000F A3                INC     DPTR
0010 7406              MOV     A,#06H
0012 F0                MOVX    @DPTR,A
                                           ; SOURCE LINE # 74
0013 A3                INC     DPTR
0014 120000      E     LCALL   ?C?LSTKXDATA
0017 00                DB      00H
0018 00                DB      00H
0019 00                DB      00H
001A 00                DB      00H
                                           ; SOURCE LINE # 75
001B 900000      R     MOV     DPTR,#channels+09H
001E 120000      E     LCALL   ?C?LSTKXDATA
0021 00                DB      00H
0022 00                DB      00H
0023 00                DB      00H
0024 00                DB      00H
                                           ; SOURCE LINE # 78
0025 900000      R     MOV     DPTR,#channels+019H
0028 7401              MOV     A,#01H
002A F0                MOVX    @DPTR,A
                                           ; SOURCE LINE # 79
002B E4                CLR     A
002C A3                INC     DPTR
002D F0                MOVX    @DPTR,A
                                           ; SOURCE LINE # 80
002E A3                INC     DPTR
002F 7403              MOV     A,#03H
0031 F0                MOVX    @DPTR,A
                                           ; SOURCE LINE # 81
0032 A3                INC     DPTR
0033 7440              MOV     A,#040H
C51 COMPILER V9.00   CHANNELS                                                              06/20/2014 09:02:40 PAGE 11  

0035 F0                MOVX    @DPTR,A
                                           ; SOURCE LINE # 82
0036 A3                INC     DPTR
0037 7406              MOV     A,#06H
0039 F0                MOVX    @DPTR,A
                                           ; SOURCE LINE # 83
003A A3                INC     DPTR
003B 120000      E     LCALL   ?C?LSTKXDATA
003E 00                DB      00H
003F 00                DB      00H
0040 00                DB      00H
0041 00                DB      00H
                                           ; SOURCE LINE # 84
0042 900000      R     MOV     DPTR,#channels+022H
0045 120000      E     LCALL   ?C?LSTKXDATA
0048 00                DB      00H
0049 00                DB      00H
004A 00                DB      00H
004B 00                DB      00H
                                           ; SOURCE LINE # 87
004C 900000      R     MOV     DPTR,#channels+032H
004F 7402              MOV     A,#02H
0051 F0                MOVX    @DPTR,A
                                           ; SOURCE LINE # 88
0052 E4                CLR     A
0053 A3                INC     DPTR
0054 F0                MOVX    @DPTR,A
                                           ; SOURCE LINE # 89
0055 A3                INC     DPTR
0056 7403              MOV     A,#03H
0058 F0                MOVX    @DPTR,A
                                           ; SOURCE LINE # 90
0059 A3                INC     DPTR
005A 7440              MOV     A,#040H
005C F0                MOVX    @DPTR,A
                                           ; SOURCE LINE # 91
005D A3                INC     DPTR
005E 7406              MOV     A,#06H
0060 F0                MOVX    @DPTR,A
                                           ; SOURCE LINE # 92
0061 A3                INC     DPTR
0062 120000      E     LCALL   ?C?LSTKXDATA
0065 00                DB      00H
0066 00                DB      00H
0067 00                DB      00H
0068 00                DB      00H
                                           ; SOURCE LINE # 93
0069 900000      R     MOV     DPTR,#channels+03BH
006C 120000      E     LCALL   ?C?LSTKXDATA
006F 00                DB      00H
0070 00                DB      00H
0071 00                DB      00H
0072 00                DB      00H
                                           ; SOURCE LINE # 96
0073 900000      R     MOV     DPTR,#channels+04BH
0076 7403              MOV     A,#03H
0078 F0                MOVX    @DPTR,A
                                           ; SOURCE LINE # 97
0079 E4                CLR     A
007A A3                INC     DPTR
007B F0                MOVX    @DPTR,A
                                           ; SOURCE LINE # 98
C51 COMPILER V9.00   CHANNELS                                                              06/20/2014 09:02:40 PAGE 12  

007C A3                INC     DPTR
007D 7403              MOV     A,#03H
007F F0                MOVX    @DPTR,A
                                           ; SOURCE LINE # 99
0080 A3                INC     DPTR
0081 7440              MOV     A,#040H
0083 F0                MOVX    @DPTR,A
                                           ; SOURCE LINE # 100
0084 A3                INC     DPTR
0085 7406              MOV     A,#06H
0087 F0                MOVX    @DPTR,A
                                           ; SOURCE LINE # 101
0088 A3                INC     DPTR
0089 120000      E     LCALL   ?C?LSTKXDATA
008C 00                DB      00H
008D 00                DB      00H
008E 00                DB      00H
008F 00                DB      00H
                                           ; SOURCE LINE # 102
0090 900000      R     MOV     DPTR,#channels+054H
0093 120000      E     LCALL   ?C?LSTKXDATA
0096 00                DB      00H
0097 00                DB      00H
0098 00                DB      00H
0099 00                DB      00H
                                           ; SOURCE LINE # 105
009A 900000      R     MOV     DPTR,#channels+064H
009D 7404              MOV     A,#04H
009F F0                MOVX    @DPTR,A
                                           ; SOURCE LINE # 106
00A0 E4                CLR     A
00A1 A3                INC     DPTR
00A2 F0                MOVX    @DPTR,A
                                           ; SOURCE LINE # 107
00A3 A3                INC     DPTR
00A4 7403              MOV     A,#03H
00A6 F0                MOVX    @DPTR,A
                                           ; SOURCE LINE # 108
00A7 A3                INC     DPTR
00A8 7440              MOV     A,#040H
00AA F0                MOVX    @DPTR,A
                                           ; SOURCE LINE # 109
00AB A3                INC     DPTR
00AC 7406              MOV     A,#06H
00AE F0                MOVX    @DPTR,A
                                           ; SOURCE LINE # 110
00AF A3                INC     DPTR
00B0 120000      E     LCALL   ?C?LSTKXDATA
00B3 00                DB      00H
00B4 00                DB      00H
00B5 00                DB      00H
00B6 00                DB      00H
                                           ; SOURCE LINE # 111
00B7 900000      R     MOV     DPTR,#channels+06DH
00BA 120000      E     LCALL   ?C?LSTKXDATA
00BD 00                DB      00H
00BE 00                DB      00H
00BF 00                DB      00H
00C0 00                DB      00H
                                           ; SOURCE LINE # 114
00C1 900000      R     MOV     DPTR,#channels+07DH
00C4 7405              MOV     A,#05H
C51 COMPILER V9.00   CHANNELS                                                              06/20/2014 09:02:40 PAGE 13  

00C6 F0                MOVX    @DPTR,A
                                           ; SOURCE LINE # 115
00C7 E4                CLR     A
00C8 A3                INC     DPTR
00C9 F0                MOVX    @DPTR,A
                                           ; SOURCE LINE # 116
00CA A3                INC     DPTR
00CB 7403              MOV     A,#03H
00CD F0                MOVX    @DPTR,A
                                           ; SOURCE LINE # 117
00CE A3                INC     DPTR
00CF 7440              MOV     A,#040H
00D1 F0                MOVX    @DPTR,A
                                           ; SOURCE LINE # 118
00D2 A3                INC     DPTR
00D3 7406              MOV     A,#06H
00D5 F0                MOVX    @DPTR,A
                                           ; SOURCE LINE # 119
00D6 A3                INC     DPTR
00D7 120000      E     LCALL   ?C?LSTKXDATA
00DA 00                DB      00H
00DB 00                DB      00H
00DC 00                DB      00H
00DD 00                DB      00H
                                           ; SOURCE LINE # 120
00DE 900000      R     MOV     DPTR,#channels+086H
00E1 120000      E     LCALL   ?C?LSTKXDATA
00E4 00                DB      00H
00E5 00                DB      00H
00E6 00                DB      00H
00E7 00                DB      00H
                                           ; SOURCE LINE # 123
00E8 900000      R     MOV     DPTR,#channels+096H
00EB 7406              MOV     A,#06H
00ED F0                MOVX    @DPTR,A
                                           ; SOURCE LINE # 124
00EE E4                CLR     A
00EF A3                INC     DPTR
00F0 F0                MOVX    @DPTR,A
                                           ; SOURCE LINE # 125
00F1 A3                INC     DPTR
00F2 7403              MOV     A,#03H
00F4 F0                MOVX    @DPTR,A
                                           ; SOURCE LINE # 126
00F5 A3                INC     DPTR
00F6 7440              MOV     A,#040H
00F8 F0                MOVX    @DPTR,A
                                           ; SOURCE LINE # 127
00F9 A3                INC     DPTR
00FA 7406              MOV     A,#06H
00FC F0                MOVX    @DPTR,A
                                           ; SOURCE LINE # 128
00FD A3                INC     DPTR
00FE 120000      E     LCALL   ?C?LSTKXDATA
0101 00                DB      00H
0102 00                DB      00H
0103 00                DB      00H
0104 00                DB      00H
                                           ; SOURCE LINE # 129
0105 900000      R     MOV     DPTR,#channels+09FH
0108 120000      E     LCALL   ?C?LSTKXDATA
010B 00                DB      00H
C51 COMPILER V9.00   CHANNELS                                                              06/20/2014 09:02:40 PAGE 14  

010C 00                DB      00H
010D 00                DB      00H
010E 00                DB      00H
                                           ; SOURCE LINE # 132
010F 900000      R     MOV     DPTR,#channels+0AFH
0112 7407              MOV     A,#07H
0114 F0                MOVX    @DPTR,A
                                           ; SOURCE LINE # 133
0115 E4                CLR     A
0116 A3                INC     DPTR
0117 F0                MOVX    @DPTR,A
                                           ; SOURCE LINE # 134
0118 A3                INC     DPTR
0119 7403              MOV     A,#03H
011B F0                MOVX    @DPTR,A
                                           ; SOURCE LINE # 135
011C A3                INC     DPTR
011D 7440              MOV     A,#040H
011F F0                MOVX    @DPTR,A
                                           ; SOURCE LINE # 136
0120 A3                INC     DPTR
0121 7406              MOV     A,#06H
0123 F0                MOVX    @DPTR,A
                                           ; SOURCE LINE # 137
0124 A3                INC     DPTR
0125 120000      E     LCALL   ?C?LSTKXDATA
0128 00                DB      00H
0129 00                DB      00H
012A 00                DB      00H
012B 00                DB      00H
                                           ; SOURCE LINE # 138
012C 900000      R     MOV     DPTR,#channels+0B8H
012F 120000      E     LCALL   ?C?LSTKXDATA
0132 00                DB      00H
0133 00                DB      00H
0134 00                DB      00H
0135 00                DB      00H
                                           ; SOURCE LINE # 141
0136 900000      R     MOV     DPTR,#channels+0C8H
0139 7408              MOV     A,#08H
013B F0                MOVX    @DPTR,A
                                           ; SOURCE LINE # 142
013C A3                INC     DPTR
013D 7402              MOV     A,#02H
013F F0                MOVX    @DPTR,A
                                           ; SOURCE LINE # 143
0140 A3                INC     DPTR
0141 14                DEC     A
0142 F0                MOVX    @DPTR,A
                                           ; SOURCE LINE # 144
0143 A3                INC     DPTR
0144 7440              MOV     A,#040H
0146 F0                MOVX    @DPTR,A
                                           ; SOURCE LINE # 145
0147 A3                INC     DPTR
0148 740A              MOV     A,#0AH
014A F0                MOVX    @DPTR,A
                                           ; SOURCE LINE # 146
014B A3                INC     DPTR
014C 120000      E     LCALL   ?C?LSTKXDATA
014F 00                DB      00H
0150 00                DB      00H
C51 COMPILER V9.00   CHANNELS                                                              06/20/2014 09:02:40 PAGE 15  

0151 00                DB      00H
0152 00                DB      00H
                                           ; SOURCE LINE # 149
0153 900000      R     MOV     DPTR,#channels+0E1H
0156 7409              MOV     A,#09H
0158 F0                MOVX    @DPTR,A
                                           ; SOURCE LINE # 150
0159 A3                INC     DPTR
015A 7402              MOV     A,#02H
015C F0                MOVX    @DPTR,A
                                           ; SOURCE LINE # 151
015D A3                INC     DPTR
015E 14                DEC     A
015F F0                MOVX    @DPTR,A
                                           ; SOURCE LINE # 152
0160 A3                INC     DPTR
0161 7440              MOV     A,#040H
0163 F0                MOVX    @DPTR,A
                                           ; SOURCE LINE # 153
0164 A3                INC     DPTR
0165 740A              MOV     A,#0AH
0167 F0                MOVX    @DPTR,A
                                           ; SOURCE LINE # 154
0168 A3                INC     DPTR
0169 120000      E     LCALL   ?C?LSTKXDATA
016C 00                DB      00H
016D 00                DB      00H
016E 00                DB      00H
016F 00                DB      00H
                                           ; SOURCE LINE # 157
0170 900000      R     MOV     DPTR,#channels+0FAH
0173 740A              MOV     A,#0AH
0175 F0                MOVX    @DPTR,A
                                           ; SOURCE LINE # 158
0176 A3                INC     DPTR
0177 7402              MOV     A,#02H
0179 F0                MOVX    @DPTR,A
                                           ; SOURCE LINE # 159
017A A3                INC     DPTR
017B 14                DEC     A
017C F0                MOVX    @DPTR,A
                                           ; SOURCE LINE # 160
017D A3                INC     DPTR
017E 7440              MOV     A,#040H
0180 F0                MOVX    @DPTR,A
                                           ; SOURCE LINE # 161
0181 A3                INC     DPTR
0182 740A              MOV     A,#0AH
0184 F0                MOVX    @DPTR,A
                                           ; SOURCE LINE # 162
0185 A3                INC     DPTR
0186 120000      E     LCALL   ?C?LSTKXDATA
0189 00                DB      00H
018A 00                DB      00H
018B 00                DB      00H
018C 01                DB      01H
                                           ; SOURCE LINE # 165
018D 900000      R     MOV     DPTR,#channels+0113H
0190 740B              MOV     A,#0BH
0192 F0                MOVX    @DPTR,A
                                           ; SOURCE LINE # 166
0193 A3                INC     DPTR
C51 COMPILER V9.00   CHANNELS                                                              06/20/2014 09:02:40 PAGE 16  

0194 7401              MOV     A,#01H
0196 F0                MOVX    @DPTR,A
                                           ; SOURCE LINE # 167
0197 E4                CLR     A
0198 A3                INC     DPTR
0199 F0                MOVX    @DPTR,A
                                           ; SOURCE LINE # 168
019A A3                INC     DPTR
019B 7440              MOV     A,#040H
019D F0                MOVX    @DPTR,A
                                           ; SOURCE LINE # 169
019E A3                INC     DPTR
019F 740A              MOV     A,#0AH
01A1 F0                MOVX    @DPTR,A
                                           ; SOURCE LINE # 170
01A2 A3                INC     DPTR
01A3 120000      E     LCALL   ?C?LSTKXDATA
01A6 80                DB      080H
01A7 00                DB      00H
01A8 80                DB      080H
01A9 00                DB      00H
                                           ; SOURCE LINE # 173
01AA 900000      R     MOV     DPTR,#channels+012CH
01AD 740C              MOV     A,#0CH
01AF F0                MOVX    @DPTR,A
                                           ; SOURCE LINE # 174
01B0 A3                INC     DPTR
01B1 7402              MOV     A,#02H
01B3 F0                MOVX    @DPTR,A
                                           ; SOURCE LINE # 175
01B4 E4                CLR     A
01B5 A3                INC     DPTR
01B6 F0                MOVX    @DPTR,A
                                           ; SOURCE LINE # 176
01B7 A3                INC     DPTR
01B8 7440              MOV     A,#040H
01BA F0                MOVX    @DPTR,A
                                           ; SOURCE LINE # 177
01BB A3                INC     DPTR
01BC 740A              MOV     A,#0AH
01BE F0                MOVX    @DPTR,A
                                           ; SOURCE LINE # 178
01BF A3                INC     DPTR
01C0 120000      E     LCALL   ?C?LSTKXDATA
01C3 00                DB      00H
01C4 00                DB      00H
01C5 00                DB      00H
01C6 00                DB      00H
                                           ; SOURCE LINE # 181
01C7 900000      R     MOV     DPTR,#channels+0145H
01CA 740D              MOV     A,#0DH
01CC F0                MOVX    @DPTR,A
                                           ; SOURCE LINE # 182
01CD A3                INC     DPTR
01CE 7402              MOV     A,#02H
01D0 F0                MOVX    @DPTR,A
                                           ; SOURCE LINE # 183
01D1 E4                CLR     A
01D2 A3                INC     DPTR
01D3 F0                MOVX    @DPTR,A
                                           ; SOURCE LINE # 184
01D4 A3                INC     DPTR
C51 COMPILER V9.00   CHANNELS                                                              06/20/2014 09:02:40 PAGE 17  

01D5 7440              MOV     A,#040H
01D7 F0                MOVX    @DPTR,A
                                           ; SOURCE LINE # 185
01D8 A3                INC     DPTR
01D9 740A              MOV     A,#0AH
01DB F0                MOVX    @DPTR,A
                                           ; SOURCE LINE # 186
01DC A3                INC     DPTR
01DD 120000      E     LCALL   ?C?LSTKXDATA
01E0 00                DB      00H
01E1 00                DB      00H
01E2 00                DB      00H
01E3 00                DB      00H
                                           ; SOURCE LINE # 188
01E4 120000      R     LCALL   Store_Channels_Data
                                           ; SOURCE LINE # 190
01E7 22                RET     
             ; FUNCTION Channels_Set_Default (END)

             ; FUNCTION Channels_Get_Settings_CRC (BEGIN)
                                           ; SOURCE LINE # 192
                                           ; SOURCE LINE # 193
                                           ; SOURCE LINE # 194
0000 E4                CLR     A
0001 900000      R     MOV     DPTR,#crc
0004 F0                MOVX    @DPTR,A
                                           ; SOURCE LINE # 195
0005 A3                INC     DPTR
0006 F0                MOVX    @DPTR,A
0007 A3                INC     DPTR
0008 F0                MOVX    @DPTR,A
                                           ; SOURCE LINE # 197
0009 900000      R     MOV     DPTR,#i
000C F0                MOVX    @DPTR,A
000D         ?C0012:
                                           ; SOURCE LINE # 198
                                           ; SOURCE LINE # 199
000D E4                CLR     A
000E 900000      R     MOV     DPTR,#j
0011 F0                MOVX    @DPTR,A
0012         ?C0015:
                                           ; SOURCE LINE # 200
                                           ; SOURCE LINE # 201
0012 900000      R     MOV     DPTR,#i
0015 E0                MOVX    A,@DPTR
0016 75F019            MOV     B,#019H
0019 A4                MUL     AB
001A 2400        R     ADD     A,#LOW channels+01H
001C F9                MOV     R1,A
001D 7400        R     MOV     A,#HIGH channels+01H
001F 35F0              ADDC    A,B
0021 FA                MOV     R2,A
0022 7B01              MOV     R3,#01H
0024 A3                INC     DPTR
0025 E0                MOVX    A,@DPTR
0026 7E00              MOV     R6,#00H
0028 29                ADD     A,R1
0029 F9                MOV     R1,A
002A EE                MOV     A,R6
002B 3A                ADDC    A,R2
002C FA                MOV     R2,A
002D 120000      E     LCALL   ?C?CLDPTR
C51 COMPILER V9.00   CHANNELS                                                              06/20/2014 09:02:40 PAGE 18  

0030 FF                MOV     R7,A
0031 900000      R     MOV     DPTR,#crc
0034 E0                MOVX    A,@DPTR
0035 6F                XRL     A,R7
0036 900000      E     MOV     DPTR,#Crc8Table
0039 93                MOVC    A,@A+DPTR
003A 900000      R     MOV     DPTR,#crc
003D F0                MOVX    @DPTR,A
                                           ; SOURCE LINE # 202
003E 900000      R     MOV     DPTR,#j
0041 E0                MOVX    A,@DPTR
0042 04                INC     A
0043 F0                MOVX    @DPTR,A
0044 E0                MOVX    A,@DPTR
0045 B404CA            CJNE    A,#04H,?C0015
                                           ; SOURCE LINE # 203
0048         ?C0014:
0048 900000      R     MOV     DPTR,#i
004B E0                MOVX    A,@DPTR
004C 04                INC     A
004D F0                MOVX    @DPTR,A
004E E0                MOVX    A,@DPTR
004F B40EBB            CJNE    A,#0EH,?C0012
0052         ?C0013:
                                           ; SOURCE LINE # 205
0052 900000      R     MOV     DPTR,#crc
0055 E0                MOVX    A,@DPTR
0056 FF                MOV     R7,A
                                           ; SOURCE LINE # 206
0057         ?C0018:
0057 22                RET     
             ; FUNCTION Channels_Get_Settings_CRC (END)

C51 COMPILER V9.00   CHANNELS                                                              06/20/2014 09:02:40 PAGE 19  

NAME                                    CLASS   MSPACE  TYPE    OFFSET  SIZE
====                                    =====   ======  ====    ======  ====


TCON . . . . . . . . . . . . . . . . .  SFR      DATA   U_CHAR   0088H  1
SCON . . . . . . . . . . . . . . . . .  SFR      DATA   U_CHAR   0098H  1
P2 . . . . . . . . . . . . . . . . . .  SFR      DATA   U_CHAR   00A0H  1
IE . . . . . . . . . . . . . . . . . .  SFR      DATA   U_CHAR   00A8H  1
P3 . . . . . . . . . . . . . . . . . .  SFR      DATA   U_CHAR   00B0H  1
IP . . . . . . . . . . . . . . . . . .  SFR      DATA   U_CHAR   00B8H  1
WDCON. . . . . . . . . . . . . . . . .  SFR      DATA   U_CHAR   00C0H  1
T2CON. . . . . . . . . . . . . . . . .  SFR      DATA   U_CHAR   00C8H  1
PSW. . . . . . . . . . . . . . . . . .  SFR      DATA   U_CHAR   00D0H  1
ADCSTAT. . . . . . . . . . . . . . . .  SFR      DATA   U_CHAR   00D8H  1
I2CCON . . . . . . . . . . . . . . . .  SFR      DATA   U_CHAR   00E8H  1
DCON . . . . . . . . . . . . . . . . .  SFR      DATA   U_CHAR   00E8H  1
SPICON . . . . . . . . . . . . . . . .  SFR      DATA   U_CHAR   00F8H  1
_EEPROM_Read . . . . . . . . . . . . .  EXTERN   CODE   PROC     -----  -----
_EEPROM_Write. . . . . . . . . . . . .  EXTERN   CODE   PROC     -----  -----
Channel. . . . . . . . . . . . . . . .  * TAG *  -----  STRUCT   -----  25
  number . . . . . . . . . . . . . . .  MEMBER   -----  U_CHAR   0000H  1
  settings . . . . . . . . . . . . . .  MEMBER   -----  UNION    0001H  4
  channel_data . . . . . . . . . . . .  MEMBER   -----  U_LONG   0005H  4
  channel_data_calibrate . . . . . . .  MEMBER   -----  U_LONG   0009H  4
  calibrate. . . . . . . . . . . . . .  MEMBER   -----  UNION    000DH  12
ChannelsInit . . . . . . . . . . . . .  PUBLIC   CODE   PROC     0000H  -----
Store_Channels_Data. . . . . . . . . .  PUBLIC   CODE   PROC     0000H  -----
  i. . . . . . . . . . . . . . . . . .  AUTO     XDATA  U_CHAR   0000H  1
  crc. . . . . . . . . . . . . . . . .  AUTO     XDATA  U_LONG   0001H  4
Restore_Channels_Data. . . . . . . . .  PUBLIC   CODE   PROC     0000H  -----
  i. . . . . . . . . . . . . . . . . .  AUTO     XDATA  U_CHAR   0000H  1
  crc. . . . . . . . . . . . . . . . .  AUTO     XDATA  U_LONG   0001H  4
  crc_true . . . . . . . . . . . . . .  AUTO     XDATA  U_LONG   0005H  4
Channels_Set_Default . . . . . . . . .  PUBLIC   CODE   PROC     0000H  -----
Channels_Get_Settings_CRC. . . . . . .  PUBLIC   CODE   PROC     0000H  -----
  crc. . . . . . . . . . . . . . . . .  AUTO     XDATA  U_CHAR   0000H  1
  i. . . . . . . . . . . . . . . . . .  AUTO     XDATA  U_CHAR   0001H  1
  j. . . . . . . . . . . . . . . . . .  AUTO     XDATA  U_CHAR   0002H  1
Crc8Table. . . . . . . . . . . . . . .  EXTERN   CODE   ARRAY    -----  -----
channels . . . . . . . . . . . . . . .  PUBLIC   XDATA  ARRAY    0000H  350
channel_number . . . . . . . . . . . .  PUBLIC   XDATA  U_CHAR   015EH  1


MODULE INFORMATION:   STATIC OVERLAYABLE
   CODE SIZE        =    987    ----
   CONSTANT SIZE    =   ----    ----
   XDATA SIZE       =    351      17
   PDATA SIZE       =   ----    ----
   DATA SIZE        =   ----    ----
   IDATA SIZE       =   ----    ----
   BIT SIZE         =   ----    ----
END OF MODULE INFORMATION.


C51 COMPILATION COMPLETE.  0 WARNING(S),  0 ERROR(S)
