C51 COMPILER V9.00   CRC_TABLE                                                             06/20/2014 09:02:40 PAGE 1   


C51 COMPILER V9.00, COMPILATION OF MODULE CRC_TABLE
OBJECT MODULE PLACED IN crc_table.OBJ
COMPILER INVOKED BY: C:\Program Files\Keil\C51\BIN\C51.EXE crc_table.c LARGE OPTIMIZE(6,SPEED) BROWSE ORDER NOAREGS DEBU
                    -G OBJECTEXTEND CODE SYMBOLS

line level    source

   1            unsigned char code Crc8Table[256]={0x00, 0xBC, 0x01, 0xBD, 0x02, 0xBE, 0x03, 0xBF, 
   2                                                                                   0x04, 0xB8, 0x05, 0xB9, 0x06, 0xBA, 0x07, 0xBB, 
   3                                                                                   0x08, 0xB4, 0x09, 0xB5, 0x0A, 0xB6, 0x0B, 0xB7, 
   4                                                                                   0x0C, 0xB0, 0x0D, 0xB1, 0x0E, 0xB2, 0x0F, 0xB3, 
   5                                                                                   0x10, 0xAC, 0x11, 0xAD, 0x12, 0xAE, 0x13, 0xAF, 
   6                                                                                   0x14, 0xA8, 0x15, 0xA9, 0x16, 0xAA, 0x17, 0xAB, 
   7                                                                                   0x18, 0xA4, 0x19, 0xA5, 0x1A, 0xA6, 0x1B, 0xA7, 
   8                                                                                   0x1C, 0xA0, 0x1D, 0xA1, 0x1E, 0xA2, 0x1F, 0xA3, 
   9                                                                                   0x20, 0x9C, 0x21, 0x9D, 0x22, 0x9E, 0x23, 0x9F, 
  10                                                                                   0x24, 0x98, 0x25, 0x99, 0x26, 0x9A, 0x27, 0x9B, 
  11                                                                                   0x28, 0x94, 0x29, 0x95, 0x2A, 0x96, 0x2B, 0x97, 
  12                                                                                   0x2C, 0x90, 0x2D, 0x91, 0x2E, 0x92, 0x2F, 0x93, 
  13                                                                                   0x30, 0x8C, 0x31, 0x8D, 0x32, 0x8E, 0x33, 0x8F, 
  14                                                                                   0x34, 0x88, 0x35, 0x89, 0x36, 0x8A, 0x37, 0x8B, 
  15                                                                                   0x38, 0x84, 0x39, 0x85, 0x3A, 0x86, 0x3B, 0x87, 
  16                                                                                   0x3C, 0x80, 0x3D, 0x81, 0x3E, 0x82, 0x3F, 0x83, 
  17                                                                                   0x40, 0xFC, 0x41, 0xFD, 0x42, 0xFE, 0x43, 0xFF, 
  18                                                                                   0x44, 0xF8, 0x45, 0xF9, 0x46, 0xFA, 0x47, 0xFB, 
  19                                                                                   0x48, 0xF4, 0x49, 0xF5, 0x4A, 0xF6, 0x4B, 0xF7, 
  20                                                                                   0x4C, 0xF0, 0x4D, 0xF1, 0x4E, 0xF2, 0x4F, 0xF3, 
  21                                                                                   0x50, 0xEC, 0x51, 0xED, 0x52, 0xEE, 0x53, 0xEF, 
  22                                                                                   0x54, 0xE8, 0x55, 0xE9, 0x56, 0xEA, 0x57, 0xEB, 
  23                                                                                   0x58, 0xE4, 0x59, 0xE5, 0x5A, 0xE6, 0x5B, 0xE7, 
  24                                                                                   0x5C, 0xE0, 0x5D, 0xE1, 0x5E, 0xE2, 0x5F, 0xE3, 
  25                                                                                   0x60, 0xDC, 0x61, 0xDD, 0x62, 0xDE, 0x63, 0xDF, 
  26                                                                                   0x64, 0xD8, 0x65, 0xD9, 0x66, 0xDA, 0x67, 0xDB, 
  27                                                                                   0x68, 0xD4, 0x69, 0xD5, 0x6A, 0xD6, 0x6B, 0xD7, 
  28                                                                                   0x6C, 0xD0, 0x6D, 0xD1, 0x6E, 0xD2, 0x6F, 0xD3, 
  29                                                                                   0x70, 0xCC, 0x71, 0xCD, 0x72, 0xCE, 0x73, 0xCF, 
  30                                                                                   0x74, 0xC8, 0x75, 0xC9, 0x76, 0xCA, 0x77, 0xCB, 
  31                                                                                   0x78, 0xC4, 0x79, 0xC5, 0x7A, 0xC6, 0x7B, 0xC7, 
  32                                                                                   0x7C, 0xC0, 0x7D, 0xC1, 0x7E, 0xC2, 0x7F, 0xC3};
  33          
  34          //-----------------------CRC------------------------------------------------------------
  35          #pragma OT(9,Speed)
  36            unsigned char CRC_Check( unsigned char xdata *Spool_pr,unsigned char Count_pr ) 
  37           {
  38   1           unsigned char crc = 0x0;
  39   1      
  40   1           while (Count_pr--)
  41   1               crc = Crc8Table[crc ^ *Spool_pr++];
  42   1      
  43   1           return crc;
  44   1       }
  45          #pragma OT(0,Speed)
  46          //--------------------------------------------------------------------------------------
C51 COMPILER V9.00   CRC_TABLE                                                             06/20/2014 09:02:40 PAGE 2   

ASSEMBLY LISTING OF GENERATED OBJECT CODE


             ; FUNCTION _CRC_Check (BEGIN)
                                           ; SOURCE LINE # 36
;---- Variable 'Count_pr' assigned to Register 'R5' ----
;---- Variable 'Spool_pr' assigned to Register 'R6/R7' ----
                                           ; SOURCE LINE # 37
                                           ; SOURCE LINE # 38
;---- Variable 'crc' assigned to Register 'R4' ----
0000 E4                CLR     A
0001 FC                MOV     R4,A
0002         ?C0001:
                                           ; SOURCE LINE # 40
0002 CB                XCH     A,R3
0003 ED                MOV     A,R5
0004 CB                XCH     A,R3
0005 1D                DEC     R5
0006 EB                MOV     A,R3
0007 6016              JZ      ?C0002
                                           ; SOURCE LINE # 41
0009 0F                INC     R7
000A EF                MOV     A,R7
000B CA                XCH     A,R2
000C EE                MOV     A,R6
000D CA                XCH     A,R2
000E 7001              JNZ     ?C0004
0010 0E                INC     R6
0011         ?C0004:
0011 14                DEC     A
0012 F582              MOV     DPL,A
0014 8A83              MOV     DPH,R2
0016 E0                MOVX    A,@DPTR
0017 6C                XRL     A,R4
0018 900000      R     MOV     DPTR,#Crc8Table
001B 93                MOVC    A,@A+DPTR
001C FC                MOV     R4,A
001D 80E3              SJMP    ?C0001
001F         ?C0002:
                                           ; SOURCE LINE # 43
001F CF                XCH     A,R7
0020 EC                MOV     A,R4
0021 CF                XCH     A,R7
                                           ; SOURCE LINE # 44
0022         ?C0003:
0022 22                RET     
             ; FUNCTION _CRC_Check (END)

C51 COMPILER V9.00   CRC_TABLE                                                             06/20/2014 09:02:40 PAGE 3   

NAME                                    CLASS   MSPACE  TYPE    OFFSET  SIZE
====                                    =====   ======  ====    ======  ====


Crc8Table. . . . . . . . . . . . . . .  PUBLIC   CODE   ARRAY    0000H  256
_CRC_Check . . . . . . . . . . . . . .  PUBLIC   CODE   PROC     0000H  -----
  Spool_pr . . . . . . . . . . . . . .  * REG *  DATA   PTR      0006H  2
  Count_pr . . . . . . . . . . . . . .  * REG *  DATA   U_CHAR   0005H  1
  crc. . . . . . . . . . . . . . . . .  * REG *  DATA   U_CHAR   0004H  1


MODULE INFORMATION:   STATIC OVERLAYABLE
   CODE SIZE        =     35    ----
   CONSTANT SIZE    =    256    ----
   XDATA SIZE       =   ----    ----
   PDATA SIZE       =   ----    ----
   DATA SIZE        =   ----    ----
   IDATA SIZE       =   ----    ----
   BIT SIZE         =   ----    ----
END OF MODULE INFORMATION.


C51 COMPILATION COMPLETE.  0 WARNING(S),  0 ERROR(S)
