C51 COMPILER V9.00   MBCRC                                                                 06/19/2014 16:55:32 PAGE 1   


C51 COMPILER V9.00, COMPILATION OF MODULE MBCRC
OBJECT MODULE PLACED IN mbcrc.obj
COMPILER INVOKED BY: C:\Program Files\Keil\C51\BIN\C51.EXE modbus\rtu\mbcrc.c LARGE OPTIMIZE(0,SPEED) BROWSE MODAB2 INCD
                    -IR(.\modbus\include;.\modbus;.\port;.\modbus\ascii;.\modbus\rtu;..\uUSO_MASTER) DEBUG OBJECTEXTEND CODE SYMBOLS PRINT(.\
                    -mbcrc.lst) OBJECT(mbcrc.obj)

line level    source

   1          /* 
   2           * FreeModbus Libary: A portable Modbus implementation for Modbus ASCII/RTU.
   3           * Copyright (c) 2006 Christian Walter <wolti@sil.at>
   4           * All rights reserved.
   5           *
   6           * Redistribution and use in source and binary forms, with or without
   7           * modification, are permitted provided that the following conditions
   8           * are met:
   9           * 1. Redistributions of source code must retain the above copyright
  10           *    notice, this list of conditions and the following disclaimer.
  11           * 2. Redistributions in binary form must reproduce the above copyright
  12           *    notice, this list of conditions and the following disclaimer in the
  13           *    documentation and/or other materials provided with the distribution.
  14           * 3. The name of the author may not be used to endorse or promote products
  15           *    derived from this software without specific prior written permission.
  16           *
  17           * THIS SOFTWARE IS PROVIDED BY THE AUTHOR ``AS IS'' AND ANY EXPRESS OR
  18           * IMPLIED WARRANTIES, INCLUDING, BUT NOT LIMITED TO, THE IMPLIED WARRANTIES
  19           * OF MERCHANTABILITY AND FITNESS FOR A PARTICULAR PURPOSE ARE DISCLAIMED.
  20           * IN NO EVENT SHALL THE AUTHOR BE LIABLE FOR ANY DIRECT, INDIRECT,
  21           * INCIDENTAL, SPECIAL, EXEMPLARY, OR CONSEQUENTIAL DAMAGES (INCLUDING, BUT
  22           * NOT LIMITED TO, PROCUREMENT OF SUBSTITUTE GOODS OR SERVICES; LOSS OF USE,
  23           * DATA, OR PROFITS; OR BUSINESS INTERRUPTION) HOWEVER CAUSED AND ON ANY
  24           * THEORY OF LIABILITY, WHETHER IN CONTRACT, STRICT LIABILITY, OR TORT
  25           * (INCLUDING NEGLIGENCE OR OTHERWISE) ARISING IN ANY WAY OUT OF THE USE OF
  26           * THIS SOFTWARE, EVEN IF ADVISED OF THE POSSIBILITY OF SUCH DAMAGE.
  27           *
  28           * File: $Id: mbcrc.c,v 1.7 2007/02/18 23:50:27 wolti Exp $
  29           */
  30          
  31          /* ----------------------- Platform includes --------------------------------*/
  32          #include "port.h"
  33          
  34          static const UCHAR code aucCRCHi[] = {
  35              0x00, 0xC1, 0x81, 0x40, 0x01, 0xC0, 0x80, 0x41, 0x01, 0xC0, 0x80, 0x41,
  36              0x00, 0xC1, 0x81, 0x40, 0x01, 0xC0, 0x80, 0x41, 0x00, 0xC1, 0x81, 0x40,
  37              0x00, 0xC1, 0x81, 0x40, 0x01, 0xC0, 0x80, 0x41, 0x01, 0xC0, 0x80, 0x41,
  38              0x00, 0xC1, 0x81, 0x40, 0x00, 0xC1, 0x81, 0x40, 0x01, 0xC0, 0x80, 0x41,
  39              0x00, 0xC1, 0x81, 0x40, 0x01, 0xC0, 0x80, 0x41, 0x01, 0xC0, 0x80, 0x41,
  40              0x00, 0xC1, 0x81, 0x40, 0x01, 0xC0, 0x80, 0x41, 0x00, 0xC1, 0x81, 0x40,
  41              0x00, 0xC1, 0x81, 0x40, 0x01, 0xC0, 0x80, 0x41, 0x00, 0xC1, 0x81, 0x40,
  42              0x01, 0xC0, 0x80, 0x41, 0x01, 0xC0, 0x80, 0x41, 0x00, 0xC1, 0x81, 0x40,
  43              0x00, 0xC1, 0x81, 0x40, 0x01, 0xC0, 0x80, 0x41, 0x01, 0xC0, 0x80, 0x41,
  44              0x00, 0xC1, 0x81, 0x40, 0x01, 0xC0, 0x80, 0x41, 0x00, 0xC1, 0x81, 0x40,
  45              0x00, 0xC1, 0x81, 0x40, 0x01, 0xC0, 0x80, 0x41, 0x01, 0xC0, 0x80, 0x41,
  46              0x00, 0xC1, 0x81, 0x40, 0x00, 0xC1, 0x81, 0x40, 0x01, 0xC0, 0x80, 0x41, 
  47              0x00, 0xC1, 0x81, 0x40, 0x01, 0xC0, 0x80, 0x41, 0x01, 0xC0, 0x80, 0x41,
  48              0x00, 0xC1, 0x81, 0x40, 0x00, 0xC1, 0x81, 0x40, 0x01, 0xC0, 0x80, 0x41, 
  49              0x01, 0xC0, 0x80, 0x41, 0x00, 0xC1, 0x81, 0x40, 0x01, 0xC0, 0x80, 0x41,
  50              0x00, 0xC1, 0x81, 0x40, 0x00, 0xC1, 0x81, 0x40, 0x01, 0xC0, 0x80, 0x41,
  51              0x00, 0xC1, 0x81, 0x40, 0x01, 0xC0, 0x80, 0x41, 0x01, 0xC0, 0x80, 0x41, 
  52              0x00, 0xC1, 0x81, 0x40, 0x01, 0xC0, 0x80, 0x41, 0x00, 0xC1, 0x81, 0x40,
  53              0x00, 0xC1, 0x81, 0x40, 0x01, 0xC0, 0x80, 0x41, 0x01, 0xC0, 0x80, 0x41,
C51 COMPILER V9.00   MBCRC                                                                 06/19/2014 16:55:32 PAGE 2   

  54              0x00, 0xC1, 0x81, 0x40, 0x00, 0xC1, 0x81, 0x40, 0x01, 0xC0, 0x80, 0x41,
  55              0x00, 0xC1, 0x81, 0x40, 0x01, 0xC0, 0x80, 0x41, 0x01, 0xC0, 0x80, 0x41,
  56              0x00, 0xC1, 0x81, 0x40
  57          };
  58          
  59          static const UCHAR code aucCRCLo[] = {
  60              0x00, 0xC0, 0xC1, 0x01, 0xC3, 0x03, 0x02, 0xC2, 0xC6, 0x06, 0x07, 0xC7,
  61              0x05, 0xC5, 0xC4, 0x04, 0xCC, 0x0C, 0x0D, 0xCD, 0x0F, 0xCF, 0xCE, 0x0E,
  62              0x0A, 0xCA, 0xCB, 0x0B, 0xC9, 0x09, 0x08, 0xC8, 0xD8, 0x18, 0x19, 0xD9,
  63              0x1B, 0xDB, 0xDA, 0x1A, 0x1E, 0xDE, 0xDF, 0x1F, 0xDD, 0x1D, 0x1C, 0xDC,
  64              0x14, 0xD4, 0xD5, 0x15, 0xD7, 0x17, 0x16, 0xD6, 0xD2, 0x12, 0x13, 0xD3,
  65              0x11, 0xD1, 0xD0, 0x10, 0xF0, 0x30, 0x31, 0xF1, 0x33, 0xF3, 0xF2, 0x32,
  66              0x36, 0xF6, 0xF7, 0x37, 0xF5, 0x35, 0x34, 0xF4, 0x3C, 0xFC, 0xFD, 0x3D,
  67              0xFF, 0x3F, 0x3E, 0xFE, 0xFA, 0x3A, 0x3B, 0xFB, 0x39, 0xF9, 0xF8, 0x38, 
  68              0x28, 0xE8, 0xE9, 0x29, 0xEB, 0x2B, 0x2A, 0xEA, 0xEE, 0x2E, 0x2F, 0xEF,
  69              0x2D, 0xED, 0xEC, 0x2C, 0xE4, 0x24, 0x25, 0xE5, 0x27, 0xE7, 0xE6, 0x26,
  70              0x22, 0xE2, 0xE3, 0x23, 0xE1, 0x21, 0x20, 0xE0, 0xA0, 0x60, 0x61, 0xA1,
  71              0x63, 0xA3, 0xA2, 0x62, 0x66, 0xA6, 0xA7, 0x67, 0xA5, 0x65, 0x64, 0xA4,
  72              0x6C, 0xAC, 0xAD, 0x6D, 0xAF, 0x6F, 0x6E, 0xAE, 0xAA, 0x6A, 0x6B, 0xAB, 
  73              0x69, 0xA9, 0xA8, 0x68, 0x78, 0xB8, 0xB9, 0x79, 0xBB, 0x7B, 0x7A, 0xBA,
  74              0xBE, 0x7E, 0x7F, 0xBF, 0x7D, 0xBD, 0xBC, 0x7C, 0xB4, 0x74, 0x75, 0xB5,
  75              0x77, 0xB7, 0xB6, 0x76, 0x72, 0xB2, 0xB3, 0x73, 0xB1, 0x71, 0x70, 0xB0,
  76              0x50, 0x90, 0x91, 0x51, 0x93, 0x53, 0x52, 0x92, 0x96, 0x56, 0x57, 0x97,
  77              0x55, 0x95, 0x94, 0x54, 0x9C, 0x5C, 0x5D, 0x9D, 0x5F, 0x9F, 0x9E, 0x5E,
  78              0x5A, 0x9A, 0x9B, 0x5B, 0x99, 0x59, 0x58, 0x98, 0x88, 0x48, 0x49, 0x89,
  79              0x4B, 0x8B, 0x8A, 0x4A, 0x4E, 0x8E, 0x8F, 0x4F, 0x8D, 0x4D, 0x4C, 0x8C,
  80              0x44, 0x84, 0x85, 0x45, 0x87, 0x47, 0x46, 0x86, 0x82, 0x42, 0x43, 0x83,
  81              0x41, 0x81, 0x80, 0x40
  82          };
  83          
  84          USHORT
  85          usMBCRC16( UCHAR * pucFrame, USHORT usLen )
  86          {
  87   1          UCHAR           ucCRCHi = 0xFF;
  88   1          UCHAR           ucCRCLo = 0xFF;
  89   1          int             iIndex;
  90   1      
  91   1          while( usLen-- )
  92   1          {
  93   2              iIndex = ucCRCLo ^ *( pucFrame++ );
  94   2              ucCRCLo = ( UCHAR )( ucCRCHi ^ aucCRCHi[iIndex] );
  95   2              ucCRCHi = aucCRCLo[iIndex];
  96   2          }
  97   1          return ( USHORT )( ucCRCHi << 8 | ucCRCLo );
  98   1      }
C51 COMPILER V9.00   MBCRC                                                                 06/19/2014 16:55:32 PAGE 3   

ASSEMBLY LISTING OF GENERATED OBJECT CODE


             ; FUNCTION _usMBCRC16 (BEGIN)
                                           ; SOURCE LINE # 85
0000 900000      R     MOV     DPTR,#pucFrame
0003 EB                MOV     A,R3
0004 F0                MOVX    @DPTR,A
0005 A3                INC     DPTR
0006 EA                MOV     A,R2
0007 F0                MOVX    @DPTR,A
0008 A3                INC     DPTR
0009 E9                MOV     A,R1
000A F0                MOVX    @DPTR,A
000B 900000      R     MOV     DPTR,#usLen
000E EC                MOV     A,R4
000F F0                MOVX    @DPTR,A
0010 A3                INC     DPTR
0011 ED                MOV     A,R5
0012 F0                MOVX    @DPTR,A
                                           ; SOURCE LINE # 86
                                           ; SOURCE LINE # 87
0013 900000      R     MOV     DPTR,#ucCRCHi
0016 74FF              MOV     A,#0FFH
0018 F0                MOVX    @DPTR,A
                                           ; SOURCE LINE # 88
0019 900000      R     MOV     DPTR,#ucCRCLo
001C 74FF              MOV     A,#0FFH
001E F0                MOVX    @DPTR,A
001F         ?C0001:
                                           ; SOURCE LINE # 91
001F 900000      R     MOV     DPTR,#usLen
0022 74FF              MOV     A,#0FFH
0024 75F0FF            MOV     B,#0FFH
0027 120000      E     LCALL   ?C?ILDIX
002A AFF0              MOV     R7,B
002C FE                MOV     R6,A
002D EF                MOV     A,R7
002E 4E                ORL     A,R6
002F 6064              JZ      ?C0002
                                           ; SOURCE LINE # 92
                                           ; SOURCE LINE # 93
0031 900000      R     MOV     DPTR,#pucFrame
0034 E0                MOVX    A,@DPTR
0035 FB                MOV     R3,A
0036 A3                INC     DPTR
0037 E4                CLR     A
0038 75F001            MOV     B,#01H
003B 120000      E     LCALL   ?C?ILDIX
003E A9F0              MOV     R1,B
0040 FA                MOV     R2,A
0041 120000      E     LCALL   ?C?CLDPTR
0044 FF                MOV     R7,A
0045 900000      R     MOV     DPTR,#ucCRCLo
0048 E0                MOVX    A,@DPTR
0049 FE                MOV     R6,A
004A EE                MOV     A,R6
004B 6F                XRL     A,R7
004C FF                MOV     R7,A
004D 7E00              MOV     R6,#00H
004F 900000      R     MOV     DPTR,#iIndex
0052 EE                MOV     A,R6
C51 COMPILER V9.00   MBCRC                                                                 06/19/2014 16:55:32 PAGE 4   

0053 F0                MOVX    @DPTR,A
0054 A3                INC     DPTR
0055 EF                MOV     A,R7
0056 F0                MOVX    @DPTR,A
                                           ; SOURCE LINE # 94
0057 900000      R     MOV     DPTR,#iIndex
005A E0                MOVX    A,@DPTR
005B FE                MOV     R6,A
005C A3                INC     DPTR
005D E0                MOVX    A,@DPTR
005E FF                MOV     R7,A
005F 7400        R     MOV     A,#LOW aucCRCHi
0061 2F                ADD     A,R7
0062 F582              MOV     DPL,A
0064 7400        R     MOV     A,#HIGH aucCRCHi
0066 3E                ADDC    A,R6
0067 F583              MOV     DPH,A
0069 E4                CLR     A
006A 93                MOVC    A,@A+DPTR
006B FF                MOV     R7,A
006C 900000      R     MOV     DPTR,#ucCRCHi
006F E0                MOVX    A,@DPTR
0070 FE                MOV     R6,A
0071 EE                MOV     A,R6
0072 6F                XRL     A,R7
0073 FF                MOV     R7,A
0074 900000      R     MOV     DPTR,#ucCRCLo
0077 EF                MOV     A,R7
0078 F0                MOVX    @DPTR,A
                                           ; SOURCE LINE # 95
0079 900000      R     MOV     DPTR,#iIndex
007C E0                MOVX    A,@DPTR
007D FE                MOV     R6,A
007E A3                INC     DPTR
007F E0                MOVX    A,@DPTR
0080 FF                MOV     R7,A
0081 7400        R     MOV     A,#LOW aucCRCLo
0083 2F                ADD     A,R7
0084 F582              MOV     DPL,A
0086 7400        R     MOV     A,#HIGH aucCRCLo
0088 3E                ADDC    A,R6
0089 F583              MOV     DPH,A
008B E4                CLR     A
008C 93                MOVC    A,@A+DPTR
008D FF                MOV     R7,A
008E 900000      R     MOV     DPTR,#ucCRCHi
0091 EF                MOV     A,R7
0092 F0                MOVX    @DPTR,A
                                           ; SOURCE LINE # 96
0093 808A              SJMP    ?C0001
0095         ?C0002:
                                           ; SOURCE LINE # 97
0095 900000      R     MOV     DPTR,#ucCRCHi
0098 E0                MOVX    A,@DPTR
0099 FF                MOV     R7,A
009A 7E00              MOV     R6,#00H
009C EF                MOV     A,R7
009D 7F00              MOV     R7,#00H
009F FE                MOV     R6,A
00A0 900000      R     MOV     DPTR,#ucCRCLo
00A3 E0                MOVX    A,@DPTR
00A4 FD                MOV     R5,A
C51 COMPILER V9.00   MBCRC                                                                 06/19/2014 16:55:32 PAGE 5   

00A5 7C00              MOV     R4,#00H
00A7 EE                MOV     A,R6
00A8 4C                ORL     A,R4
00A9 FE                MOV     R6,A
00AA EF                MOV     A,R7
00AB 4D                ORL     A,R5
00AC FF                MOV     R7,A
                                           ; SOURCE LINE # 98
00AD         ?C0003:
00AD 22                RET     
             ; FUNCTION _usMBCRC16 (END)

C51 COMPILER V9.00   MBCRC                                                                 06/19/2014 16:55:32 PAGE 6   

NAME                                    CLASS   MSPACE  TYPE    OFFSET  SIZE
====                                    =====   ======  ====    ======  ====


P2 . . . . . . . . . . . . . . . . . .  SFR      DATA   U_CHAR   00A0H  1
P3 . . . . . . . . . . . . . . . . . .  SFR      DATA   U_CHAR   00B0H  1
ULONG. . . . . . . . . . . . . . . . .  TYPEDEF  -----  U_LONG   -----  4
ADCSTAT. . . . . . . . . . . . . . . .  SFR      DATA   U_CHAR   00D8H  1
IE . . . . . . . . . . . . . . . . . .  SFR      DATA   U_CHAR   00A8H  1
SHORT. . . . . . . . . . . . . . . . .  TYPEDEF  -----  INT      -----  2
IP . . . . . . . . . . . . . . . . . .  SFR      DATA   U_CHAR   00B8H  1
CHAR . . . . . . . . . . . . . . . . .  TYPEDEF  -----  CHAR     -----  1
I2CCON . . . . . . . . . . . . . . . .  SFR      DATA   U_CHAR   00E8H  1
DCON . . . . . . . . . . . . . . . . .  SFR      DATA   U_CHAR   00E8H  1
BOOL . . . . . . . . . . . . . . . . .  TYPEDEF  -----  CHAR     -----  1
LONG . . . . . . . . . . . . . . . . .  TYPEDEF  -----  LONG     -----  4
SCON . . . . . . . . . . . . . . . . .  SFR      DATA   U_CHAR   0098H  1
TCON . . . . . . . . . . . . . . . . .  SFR      DATA   U_CHAR   0088H  1
_usMBCRC16 . . . . . . . . . . . . . .  PUBLIC   CODE   PROC     0000H  -----
  pucFrame . . . . . . . . . . . . . .  AUTO     XDATA  PTR      0000H  3
  usLen. . . . . . . . . . . . . . . .  AUTO     XDATA  U_INT    0003H  2
  ucCRCHi. . . . . . . . . . . . . . .  AUTO     XDATA  U_CHAR   0005H  1
  ucCRCLo. . . . . . . . . . . . . . .  AUTO     XDATA  U_CHAR   0006H  1
  iIndex . . . . . . . . . . . . . . .  AUTO     XDATA  INT      0007H  2
aucCRCHi . . . . . . . . . . . . . . .  STATIC   CODE   ARRAY    0000H  256
SPICON . . . . . . . . . . . . . . . .  SFR      DATA   U_CHAR   00F8H  1
aucCRCLo . . . . . . . . . . . . . . .  STATIC   CODE   ARRAY    0100H  256
USHORT . . . . . . . . . . . . . . . .  TYPEDEF  -----  U_INT    -----  2
T2CON. . . . . . . . . . . . . . . . .  SFR      DATA   U_CHAR   00C8H  1
UCHAR. . . . . . . . . . . . . . . . .  TYPEDEF  -----  U_CHAR   -----  1
PSW. . . . . . . . . . . . . . . . . .  SFR      DATA   U_CHAR   00D0H  1
WDCON. . . . . . . . . . . . . . . . .  SFR      DATA   U_CHAR   00C0H  1


MODULE INFORMATION:   STATIC OVERLAYABLE
   CODE SIZE        =    174    ----
   CONSTANT SIZE    =    512    ----
   XDATA SIZE       =      9    ----
   PDATA SIZE       =   ----    ----
   DATA SIZE        =   ----    ----
   IDATA SIZE       =   ----    ----
   BIT SIZE         =   ----    ----
END OF MODULE INFORMATION.


C51 COMPILATION COMPLETE.  0 WARNING(S),  0 ERROR(S)
