C51 COMPILER V9.00   MBFUNCOTHER                                                           06/19/2014 16:55:31 PAGE 1   


C51 COMPILER V9.00, COMPILATION OF MODULE MBFUNCOTHER
OBJECT MODULE PLACED IN mbfuncother.obj
COMPILER INVOKED BY: C:\Program Files\Keil\C51\BIN\C51.EXE modbus\functions\mbfuncother.c LARGE OPTIMIZE(0,SPEED) BROWSE
                    - MODAB2 INCDIR(.\modbus\include;.\modbus;.\port;.\modbus\ascii;.\modbus\rtu;..\uUSO_MASTER) DEBUG OBJECTEXTEND CODE SYMB
                    -OLS PRINT(.\mbfuncother.lst) OBJECT(mbfuncother.obj)

line level    source

   1          /* 
   2           * FreeModbus Libary: A portable Modbus implementation for Modbus ASCII/RTU.
   3           * Copyright (c) 2006 Christian Walter <wolti@sil.at>
   4           * All rights reserved.
   5           *
   6           * Redistribution and use in source and binary forms, with or without
   7           * modification, are permitted provided that the following conditions
   8           * are met:
   9           * 1. Redistributions of source code must retain the above copyright
  10           *    notice, this list of conditions and the following disclaimer.
  11           * 2. Redistributions in binary form must reproduce the above copyright
  12           *    notice, this list of conditions and the following disclaimer in the
  13           *    documentation and/or other materials provided with the distribution.
  14           * 3. The name of the author may not be used to endorse or promote products
  15           *    derived from this software without specific prior written permission.
  16           *
  17           * THIS SOFTWARE IS PROVIDED BY THE AUTHOR ``AS IS'' AND ANY EXPRESS OR
  18           * IMPLIED WARRANTIES, INCLUDING, BUT NOT LIMITED TO, THE IMPLIED WARRANTIES
  19           * OF MERCHANTABILITY AND FITNESS FOR A PARTICULAR PURPOSE ARE DISCLAIMED.
  20           * IN NO EVENT SHALL THE AUTHOR BE LIABLE FOR ANY DIRECT, INDIRECT,
  21           * INCIDENTAL, SPECIAL, EXEMPLARY, OR CONSEQUENTIAL DAMAGES (INCLUDING, BUT
  22           * NOT LIMITED TO, PROCUREMENT OF SUBSTITUTE GOODS OR SERVICES; LOSS OF USE,
  23           * DATA, OR PROFITS; OR BUSINESS INTERRUPTION) HOWEVER CAUSED AND ON ANY
  24           * THEORY OF LIABILITY, WHETHER IN CONTRACT, STRICT LIABILITY, OR TORT
  25           * (INCLUDING NEGLIGENCE OR OTHERWISE) ARISING IN ANY WAY OUT OF THE USE OF
  26           * THIS SOFTWARE, EVEN IF ADVISED OF THE POSSIBILITY OF SUCH DAMAGE.
  27           *
  28           * File: $Id: mbfuncother.c,v 1.8 2006/12/07 22:10:34 wolti Exp $
  29           */
  30          
  31          /* ----------------------- System includes ----------------------------------*/
  32          #include "stdlib.h"
  33          #include "string.h"
  34          
  35          /* ----------------------- Platform includes --------------------------------*/
  36          #include "port.h"
  37          
  38          /* ----------------------- Modbus includes ----------------------------------*/
  39          #include "mb.h"
*** WARNING C258 IN LINE 41 OF .\MODBUS\RTU\MBRTU.H: 'pucFrame': mspace on parameter ignored
*** WARNING C258 IN LINE 41 OF .\MODBUS\RTU\MBRTU.H: 'pusLength': mspace on parameter ignored
  40          #include "mbframe.h"
  41          #include "mbproto.h"
  42          #include "mbconfig.h"
  43          
  44          #if MB_FUNC_OTHER_REP_SLAVEID_ENABLED > 0
              
              /* ----------------------- Static variables ---------------------------------*/
              static UCHAR    ucMBSlaveID[MB_FUNC_OTHER_REP_SLAVEID_BUF];
              static USHORT   usMBSlaveIDLen;
              
              /* ----------------------- Start implementation -----------------------------*/
              
C51 COMPILER V9.00   MBFUNCOTHER                                                           06/19/2014 16:55:31 PAGE 2   

              eMBErrorCode
              eMBSetSlaveID( UCHAR ucSlaveID, BOOL xIsRunning,
                             UCHAR const *pucAdditional, USHORT usAdditionalLen )
              {
                  eMBErrorCode    eStatus = MB_ENOERR;
              
                  /* the first byte and second byte in the buffer is reserved for
                   * the parameter ucSlaveID and the running flag. The rest of
                   * the buffer is available for additional data. */
                  if( usAdditionalLen + 2 < MB_FUNC_OTHER_REP_SLAVEID_BUF )
                  {
                      usMBSlaveIDLen = 0;
                      ucMBSlaveID[usMBSlaveIDLen++] = ucSlaveID;
                      ucMBSlaveID[usMBSlaveIDLen++] = ( UCHAR )( xIsRunning ? 0xFF : 0x00 );
                      if( usAdditionalLen > 0 )
                      {
                          memcpy( &ucMBSlaveID[usMBSlaveIDLen], pucAdditional,
                                  ( size_t )usAdditionalLen );
                          usMBSlaveIDLen += usAdditionalLen;
                      }
                  }
                  else
                  {
                      eStatus = MB_ENORES;
                  }
                  return eStatus;
              }
              
              eMBException
              eMBFuncReportSlaveID( UCHAR * pucFrame, USHORT * usLen )
              {
                  memcpy( &pucFrame[MB_PDU_DATA_OFF], &ucMBSlaveID[0], ( size_t )usMBSlaveIDLen );
                  *usLen = ( USHORT )( MB_PDU_DATA_OFF + usMBSlaveIDLen );
                  return MB_EX_NONE;
              }
              
              #endif
C51 COMPILER V9.00   MBFUNCOTHER                                                           06/19/2014 16:55:31 PAGE 3   

ASSEMBLY LISTING OF GENERATED OBJECT CODE


C51 COMPILER V9.00   MBFUNCOTHER                                                           06/19/2014 16:55:31 PAGE 4   

NAME                                    CLASS   MSPACE  TYPE    OFFSET  SIZE
====                                    =====   ======  ====    ======  ====


eMBErrorCode . . . . . . . . . . . . .  TYPEDEF  -----  U_CHAR   -----  1
P2 . . . . . . . . . . . . . . . . . .  SFR      DATA   U_CHAR   00A0H  1
P3 . . . . . . . . . . . . . . . . . .  SFR      DATA   U_CHAR   00B0H  1
EV_FRAME_SENT. . . . . . . . . . . . .  E_CONST  -----  U_CHAR   -----  1
ULONG. . . . . . . . . . . . . . . . .  TYPEDEF  -----  U_LONG   -----  4
ADCSTAT. . . . . . . . . . . . . . . .  SFR      DATA   U_CHAR   00D8H  1
pxMBFunctionHandler. . . . . . . . . .  TYPEDEF  -----  PTR      -----  3
MB_PAR_ODD . . . . . . . . . . . . . .  E_CONST  -----  U_CHAR   -----  1
IE . . . . . . . . . . . . . . . . . .  SFR      DATA   U_CHAR   00A8H  1
pvMBFrameStop. . . . . . . . . . . . .  TYPEDEF  -----  PTR      -----  3
MB_EX_SLAVE_BUSY . . . . . . . . . . .  E_CONST  -----  U_CHAR   -----  1
EV_EXECUTE . . . . . . . . . . . . . .  E_CONST  -----  U_CHAR   -----  1
SHORT. . . . . . . . . . . . . . . . .  TYPEDEF  -----  INT      -----  2
size_t . . . . . . . . . . . . . . . .  TYPEDEF  -----  U_INT    -----  2
EV_FRAME_RECEIVED. . . . . . . . . . .  E_CONST  -----  U_CHAR   -----  1
MB_EX_ACKNOWLEDGE. . . . . . . . . . .  E_CONST  -----  U_CHAR   -----  1
xMBFunctionHandler . . . . . . . . . .  TYPEDEF  -----  STRUCT   -----  4
  ucFunctionCode . . . . . . . . . . .  MEMBER   -----  U_CHAR   0000H  1
  pxHandler. . . . . . . . . . . . . .  MEMBER   -----  PTR      0001H  3
IP . . . . . . . . . . . . . . . . . .  SFR      DATA   U_CHAR   00B8H  1
MB_EX_GATEWAY_PATH_FAILED. . . . . . .  E_CONST  -----  U_CHAR   -----  1
MB_EILLSTATE . . . . . . . . . . . . .  E_CONST  -----  U_CHAR   -----  1
peMBFrameReceive . . . . . . . . . . .  TYPEDEF  -----  PTR      -----  3
MB_EX_NONE . . . . . . . . . . . . . .  E_CONST  -----  U_CHAR   -----  1
CHAR . . . . . . . . . . . . . . . . .  TYPEDEF  -----  CHAR     -----  1
eMBEventType . . . . . . . . . . . . .  TYPEDEF  -----  U_CHAR   -----  1
I2CCON . . . . . . . . . . . . . . . .  SFR      DATA   U_CHAR   00E8H  1
MB_ETIMEDOUT . . . . . . . . . . . . .  E_CONST  -----  U_CHAR   -----  1
DCON . . . . . . . . . . . . . . . . .  SFR      DATA   U_CHAR   00E8H  1
eMBException . . . . . . . . . . . . .  TYPEDEF  -----  U_CHAR   -----  1
BOOL . . . . . . . . . . . . . . . . .  TYPEDEF  -----  CHAR     -----  1
MB_EINVAL. . . . . . . . . . . . . . .  E_CONST  -----  U_CHAR   -----  1
LONG . . . . . . . . . . . . . . . . .  TYPEDEF  -----  LONG     -----  4
MB_ENOREG. . . . . . . . . . . . . . .  E_CONST  -----  U_CHAR   -----  1
SCON . . . . . . . . . . . . . . . . .  SFR      DATA   U_CHAR   0098H  1
MB_EX_ILLEGAL_FUNCTION . . . . . . . .  E_CONST  -----  U_CHAR   -----  1
TCON . . . . . . . . . . . . . . . . .  SFR      DATA   U_CHAR   0088H  1
MB_REG_WRITE . . . . . . . . . . . . .  E_CONST  -----  U_CHAR   -----  1
MB_ENOERR. . . . . . . . . . . . . . .  E_CONST  -----  U_CHAR   -----  1
MB_ENORES. . . . . . . . . . . . . . .  E_CONST  -----  U_CHAR   -----  1
MB_EX_ILLEGAL_DATA_VALUE . . . . . . .  E_CONST  -----  U_CHAR   -----  1
eMBRegisterMode. . . . . . . . . . . .  TYPEDEF  -----  U_CHAR   -----  1
MB_REG_READ. . . . . . . . . . . . . .  E_CONST  -----  U_CHAR   -----  1
MB_EIO . . . . . . . . . . . . . . . .  E_CONST  -----  U_CHAR   -----  1
SPICON . . . . . . . . . . . . . . . .  SFR      DATA   U_CHAR   00F8H  1
MB_EX_ILLEGAL_DATA_ADDRESS . . . . . .  E_CONST  -----  U_CHAR   -----  1
MB_TCP . . . . . . . . . . . . . . . .  E_CONST  -----  U_CHAR   -----  1
MB_ASCII . . . . . . . . . . . . . . .  E_CONST  -----  U_CHAR   -----  1
MB_EX_GATEWAY_TGT_FAILED . . . . . . .  E_CONST  -----  U_CHAR   -----  1
pvMBFrameClose . . . . . . . . . . . .  TYPEDEF  -----  PTR      -----  3
peMBFrameSend. . . . . . . . . . . . .  TYPEDEF  -----  PTR      -----  3
MB_PAR_EVEN. . . . . . . . . . . . . .  E_CONST  -----  U_CHAR   -----  1
MB_PAR_NONE. . . . . . . . . . . . . .  E_CONST  -----  U_CHAR   -----  1
MB_EPORTERR. . . . . . . . . . . . . .  E_CONST  -----  U_CHAR   -----  1
USHORT . . . . . . . . . . . . . . . .  TYPEDEF  -----  U_INT    -----  2
T2CON. . . . . . . . . . . . . . . . .  SFR      DATA   U_CHAR   00C8H  1
MB_EX_SLAVE_DEVICE_FAILURE . . . . . .  E_CONST  -----  U_CHAR   -----  1
C51 COMPILER V9.00   MBFUNCOTHER                                                           06/19/2014 16:55:31 PAGE 5   

NAME                                    CLASS   MSPACE  TYPE    OFFSET  SIZE
====                                    =====   ======  ====    ======  ====


MB_RTU . . . . . . . . . . . . . . . .  E_CONST  -----  U_CHAR   -----  1
wchar_t. . . . . . . . . . . . . . . .  TYPEDEF  -----  CHAR     -----  1
MB_EX_MEMORY_PARITY_ERROR. . . . . . .  E_CONST  -----  U_CHAR   -----  1
eMBParity. . . . . . . . . . . . . . .  TYPEDEF  -----  U_CHAR   -----  1
EV_READY . . . . . . . . . . . . . . .  E_CONST  -----  U_CHAR   -----  1
UCHAR. . . . . . . . . . . . . . . . .  TYPEDEF  -----  U_CHAR   -----  1
pvMBFrameStart . . . . . . . . . . . .  TYPEDEF  -----  PTR      -----  3
PSW. . . . . . . . . . . . . . . . . .  SFR      DATA   U_CHAR   00D0H  1
eMBMode. . . . . . . . . . . . . . . .  TYPEDEF  -----  U_CHAR   -----  1
WDCON. . . . . . . . . . . . . . . . .  SFR      DATA   U_CHAR   00C0H  1


MODULE INFORMATION:   STATIC OVERLAYABLE
   CODE SIZE        =   ----    ----
   CONSTANT SIZE    =   ----    ----
   XDATA SIZE       =   ----    ----
   PDATA SIZE       =   ----    ----
   DATA SIZE        =   ----    ----
   IDATA SIZE       =   ----    ----
   BIT SIZE         =   ----    ----
END OF MODULE INFORMATION.


C51 COMPILATION COMPLETE.  2 WARNING(S),  0 ERROR(S)
