C51 COMPILER V9.00   PORTEVENT                                                             06/19/2014 16:55:32 PAGE 1   


C51 COMPILER V9.00, COMPILATION OF MODULE PORTEVENT
OBJECT MODULE PLACED IN portevent.obj
COMPILER INVOKED BY: C:\Program Files\Keil\C51\BIN\C51.EXE port\portevent.c LARGE OPTIMIZE(0,SPEED) BROWSE MODAB2 INCDIR
                    -(.\modbus\include;.\modbus;.\port;.\modbus\ascii;.\modbus\rtu;..\uUSO_MASTER) DEBUG OBJECTEXTEND CODE SYMBOLS PRINT(.\po
                    -rtevent.lst) OBJECT(portevent.obj)

line level    source

   1          /*
   2           * FreeModbus Libary: ATMega168 Port
   3           * Copyright (C) 2006 Christian Walter <wolti@sil.at>
   4           *
   5           * This library is free software; you can redistribute it and/or
   6           * modify it under the terms of the GNU Lesser General Public
   7           * License as published by the Free Software Foundation; either
   8           * version 2.1 of the License, or (at your option) any later version.
   9           *
  10           * This library is distributed in the hope that it will be useful,
  11           * but WITHOUT ANY WARRANTY; without even the implied warranty of
  12           * MERCHANTABILITY or FITNESS FOR A PARTICULAR PURPOSE.  See the GNU
  13           * Lesser General Public License for more details.
  14           *
  15           * You should have received a copy of the GNU Lesser General Public
  16           * License along with this library; if not, write to the Free Software
  17           * Foundation, Inc., 51 Franklin St, Fifth Floor, Boston, MA  02110-1301  USA
  18           *
  19           * File: $Id: portevent.c,v 1.2 2006/05/14 21:55:01 wolti Exp $
  20           */
  21          
  22          /* ----------------------- Modbus includes ----------------------------------*/
  23          #include "mb.h"
*** WARNING C258 IN LINE 41 OF .\MODBUS\RTU\MBRTU.H: 'pucFrame': mspace on parameter ignored
*** WARNING C258 IN LINE 41 OF .\MODBUS\RTU\MBRTU.H: 'pusLength': mspace on parameter ignored
  24          #include "mbport.h"
  25          
  26          /* ----------------------- Variables ----------------------------------------*/
  27          static eMBEventType eQueuedEvent;
  28          static BOOL     xEventInQueue;
  29          
  30          /* ----------------------- Start implementation -----------------------------*/
  31          BOOL
  32          xMBPortEventInit( void )
  33          {
  34   1          xEventInQueue = FALSE;
  35   1          return TRUE;
  36   1      }
  37          
  38          BOOL
  39          xMBPortEventPost( eMBEventType eEvent )
  40          {
  41   1          xEventInQueue = TRUE;
  42   1          eQueuedEvent = eEvent;
  43   1          return TRUE;
  44   1      }
  45          
  46          BOOL
  47          xMBPortEventGet( eMBEventType * eEvent )
  48          {
  49   1          BOOL            xEventHappened = FALSE;
  50   1      
  51   1          if( xEventInQueue )
C51 COMPILER V9.00   PORTEVENT                                                             06/19/2014 16:55:32 PAGE 2   

  52   1          {
  53   2              *eEvent = eQueuedEvent;
  54   2              xEventInQueue = FALSE;
  55   2              xEventHappened = TRUE;
  56   2          }
  57   1          return xEventHappened;
  58   1      }
C51 COMPILER V9.00   PORTEVENT                                                             06/19/2014 16:55:32 PAGE 3   

ASSEMBLY LISTING OF GENERATED OBJECT CODE


             ; FUNCTION xMBPortEventInit (BEGIN)
                                           ; SOURCE LINE # 32
                                           ; SOURCE LINE # 33
                                           ; SOURCE LINE # 34
0000 900000      R     MOV     DPTR,#xEventInQueue
0003 E4                CLR     A
0004 F0                MOVX    @DPTR,A
                                           ; SOURCE LINE # 35
0005 7F01              MOV     R7,#01H
                                           ; SOURCE LINE # 36
0007         ?C0001:
0007 22                RET     
             ; FUNCTION xMBPortEventInit (END)

             ; FUNCTION _xMBPortEventPost (BEGIN)
                                           ; SOURCE LINE # 39
0000 900000      R     MOV     DPTR,#eEvent
0003 EF                MOV     A,R7
0004 F0                MOVX    @DPTR,A
                                           ; SOURCE LINE # 40
                                           ; SOURCE LINE # 41
0005 900000      R     MOV     DPTR,#xEventInQueue
0008 7401              MOV     A,#01H
000A F0                MOVX    @DPTR,A
                                           ; SOURCE LINE # 42
000B 900000      R     MOV     DPTR,#eEvent
000E E0                MOVX    A,@DPTR
000F FF                MOV     R7,A
0010 900000      R     MOV     DPTR,#eQueuedEvent
0013 EF                MOV     A,R7
0014 F0                MOVX    @DPTR,A
                                           ; SOURCE LINE # 43
0015 7F01              MOV     R7,#01H
                                           ; SOURCE LINE # 44
0017         ?C0002:
0017 22                RET     
             ; FUNCTION _xMBPortEventPost (END)

             ; FUNCTION _xMBPortEventGet (BEGIN)
                                           ; SOURCE LINE # 47
0000 900000      R     MOV     DPTR,#eEvent
0003 EB                MOV     A,R3
0004 F0                MOVX    @DPTR,A
0005 A3                INC     DPTR
0006 EA                MOV     A,R2
0007 F0                MOVX    @DPTR,A
0008 A3                INC     DPTR
0009 E9                MOV     A,R1
000A F0                MOVX    @DPTR,A
                                           ; SOURCE LINE # 48
                                           ; SOURCE LINE # 49
000B 900000      R     MOV     DPTR,#xEventHappened
000E E4                CLR     A
000F F0                MOVX    @DPTR,A
                                           ; SOURCE LINE # 51
0010 900000      R     MOV     DPTR,#xEventInQueue
0013 E0                MOVX    A,@DPTR
0014 FF                MOV     R7,A
0015 EF                MOV     A,R7
C51 COMPILER V9.00   PORTEVENT                                                             06/19/2014 16:55:32 PAGE 4   

0016 601F              JZ      ?C0003
                                           ; SOURCE LINE # 52
                                           ; SOURCE LINE # 53
0018 900000      R     MOV     DPTR,#eQueuedEvent
001B E0                MOVX    A,@DPTR
001C FF                MOV     R7,A
001D 900000      R     MOV     DPTR,#eEvent
0020 E0                MOVX    A,@DPTR
0021 FB                MOV     R3,A
0022 A3                INC     DPTR
0023 E0                MOVX    A,@DPTR
0024 FA                MOV     R2,A
0025 A3                INC     DPTR
0026 E0                MOVX    A,@DPTR
0027 F9                MOV     R1,A
0028 EF                MOV     A,R7
0029 120000      E     LCALL   ?C?CSTPTR
                                           ; SOURCE LINE # 54
002C 900000      R     MOV     DPTR,#xEventInQueue
002F E4                CLR     A
0030 F0                MOVX    @DPTR,A
                                           ; SOURCE LINE # 55
0031 900000      R     MOV     DPTR,#xEventHappened
0034 7401              MOV     A,#01H
0036 F0                MOVX    @DPTR,A
                                           ; SOURCE LINE # 56
0037         ?C0003:
                                           ; SOURCE LINE # 57
0037 900000      R     MOV     DPTR,#xEventHappened
003A E0                MOVX    A,@DPTR
003B FF                MOV     R7,A
                                           ; SOURCE LINE # 58
003C         ?C0004:
003C 22                RET     
             ; FUNCTION _xMBPortEventGet (END)

C51 COMPILER V9.00   PORTEVENT                                                             06/19/2014 16:55:32 PAGE 5   

NAME                                    CLASS   MSPACE  TYPE    OFFSET  SIZE
====                                    =====   ======  ====    ======  ====


eMBErrorCode . . . . . . . . . . . . .  TYPEDEF  -----  U_CHAR   -----  1
P2 . . . . . . . . . . . . . . . . . .  SFR      DATA   U_CHAR   00A0H  1
P3 . . . . . . . . . . . . . . . . . .  SFR      DATA   U_CHAR   00B0H  1
EV_FRAME_SENT. . . . . . . . . . . . .  E_CONST  -----  U_CHAR   -----  1
ULONG. . . . . . . . . . . . . . . . .  TYPEDEF  -----  U_LONG   -----  4
ADCSTAT. . . . . . . . . . . . . . . .  SFR      DATA   U_CHAR   00D8H  1
pxMBFunctionHandler. . . . . . . . . .  TYPEDEF  -----  PTR      -----  3
MB_PAR_ODD . . . . . . . . . . . . . .  E_CONST  -----  U_CHAR   -----  1
IE . . . . . . . . . . . . . . . . . .  SFR      DATA   U_CHAR   00A8H  1
MB_EX_SLAVE_BUSY . . . . . . . . . . .  E_CONST  -----  U_CHAR   -----  1
EV_EXECUTE . . . . . . . . . . . . . .  E_CONST  -----  U_CHAR   -----  1
SHORT. . . . . . . . . . . . . . . . .  TYPEDEF  -----  INT      -----  2
EV_FRAME_RECEIVED. . . . . . . . . . .  E_CONST  -----  U_CHAR   -----  1
MB_EX_ACKNOWLEDGE. . . . . . . . . . .  E_CONST  -----  U_CHAR   -----  1
xMBFunctionHandler . . . . . . . . . .  TYPEDEF  -----  STRUCT   -----  4
  ucFunctionCode . . . . . . . . . . .  MEMBER   -----  U_CHAR   0000H  1
  pxHandler. . . . . . . . . . . . . .  MEMBER   -----  PTR      0001H  3
IP . . . . . . . . . . . . . . . . . .  SFR      DATA   U_CHAR   00B8H  1
MB_EX_GATEWAY_PATH_FAILED. . . . . . .  E_CONST  -----  U_CHAR   -----  1
MB_EILLSTATE . . . . . . . . . . . . .  E_CONST  -----  U_CHAR   -----  1
MB_EX_NONE . . . . . . . . . . . . . .  E_CONST  -----  U_CHAR   -----  1
CHAR . . . . . . . . . . . . . . . . .  TYPEDEF  -----  CHAR     -----  1
eMBEventType . . . . . . . . . . . . .  TYPEDEF  -----  U_CHAR   -----  1
I2CCON . . . . . . . . . . . . . . . .  SFR      DATA   U_CHAR   00E8H  1
MB_ETIMEDOUT . . . . . . . . . . . . .  E_CONST  -----  U_CHAR   -----  1
DCON . . . . . . . . . . . . . . . . .  SFR      DATA   U_CHAR   00E8H  1
eMBException . . . . . . . . . . . . .  TYPEDEF  -----  U_CHAR   -----  1
BOOL . . . . . . . . . . . . . . . . .  TYPEDEF  -----  CHAR     -----  1
MB_EINVAL. . . . . . . . . . . . . . .  E_CONST  -----  U_CHAR   -----  1
LONG . . . . . . . . . . . . . . . . .  TYPEDEF  -----  LONG     -----  4
MB_ENOREG. . . . . . . . . . . . . . .  E_CONST  -----  U_CHAR   -----  1
SCON . . . . . . . . . . . . . . . . .  SFR      DATA   U_CHAR   0098H  1
MB_EX_ILLEGAL_FUNCTION . . . . . . . .  E_CONST  -----  U_CHAR   -----  1
TCON . . . . . . . . . . . . . . . . .  SFR      DATA   U_CHAR   0088H  1
MB_REG_WRITE . . . . . . . . . . . . .  E_CONST  -----  U_CHAR   -----  1
MB_ENOERR. . . . . . . . . . . . . . .  E_CONST  -----  U_CHAR   -----  1
MB_ENORES. . . . . . . . . . . . . . .  E_CONST  -----  U_CHAR   -----  1
xEventInQueue. . . . . . . . . . . . .  STATIC   XDATA  CHAR     0000H  1
MB_EX_ILLEGAL_DATA_VALUE . . . . . . .  E_CONST  -----  U_CHAR   -----  1
eMBRegisterMode. . . . . . . . . . . .  TYPEDEF  -----  U_CHAR   -----  1
MB_REG_READ. . . . . . . . . . . . . .  E_CONST  -----  U_CHAR   -----  1
MB_EIO . . . . . . . . . . . . . . . .  E_CONST  -----  U_CHAR   -----  1
xMBPortEventInit . . . . . . . . . . .  PUBLIC   CODE   PROC     0000H  -----
SPICON . . . . . . . . . . . . . . . .  SFR      DATA   U_CHAR   00F8H  1
MB_EX_ILLEGAL_DATA_ADDRESS . . . . . .  E_CONST  -----  U_CHAR   -----  1
MB_TCP . . . . . . . . . . . . . . . .  E_CONST  -----  U_CHAR   -----  1
eQueuedEvent . . . . . . . . . . . . .  STATIC   XDATA  U_CHAR   0001H  1
_xMBPortEventGet . . . . . . . . . . .  PUBLIC   CODE   PROC     0000H  -----
  eEvent . . . . . . . . . . . . . . .  AUTO     XDATA  PTR      0000H  3
  xEventHappened . . . . . . . . . . .  AUTO     XDATA  CHAR     0003H  1
MB_ASCII . . . . . . . . . . . . . . .  E_CONST  -----  U_CHAR   -----  1
MB_EX_GATEWAY_TGT_FAILED . . . . . . .  E_CONST  -----  U_CHAR   -----  1
_xMBPortEventPost. . . . . . . . . . .  PUBLIC   CODE   PROC     0000H  -----
  eEvent . . . . . . . . . . . . . . .  AUTO     XDATA  U_CHAR   0000H  1
MB_PAR_EVEN. . . . . . . . . . . . . .  E_CONST  -----  U_CHAR   -----  1
MB_PAR_NONE. . . . . . . . . . . . . .  E_CONST  -----  U_CHAR   -----  1
MB_EPORTERR. . . . . . . . . . . . . .  E_CONST  -----  U_CHAR   -----  1
C51 COMPILER V9.00   PORTEVENT                                                             06/19/2014 16:55:32 PAGE 6   

NAME                                    CLASS   MSPACE  TYPE    OFFSET  SIZE
====                                    =====   ======  ====    ======  ====


USHORT . . . . . . . . . . . . . . . .  TYPEDEF  -----  U_INT    -----  2
T2CON. . . . . . . . . . . . . . . . .  SFR      DATA   U_CHAR   00C8H  1
MB_EX_SLAVE_DEVICE_FAILURE . . . . . .  E_CONST  -----  U_CHAR   -----  1
MB_RTU . . . . . . . . . . . . . . . .  E_CONST  -----  U_CHAR   -----  1
MB_EX_MEMORY_PARITY_ERROR. . . . . . .  E_CONST  -----  U_CHAR   -----  1
eMBParity. . . . . . . . . . . . . . .  TYPEDEF  -----  U_CHAR   -----  1
EV_READY . . . . . . . . . . . . . . .  E_CONST  -----  U_CHAR   -----  1
UCHAR. . . . . . . . . . . . . . . . .  TYPEDEF  -----  U_CHAR   -----  1
PSW. . . . . . . . . . . . . . . . . .  SFR      DATA   U_CHAR   00D0H  1
eMBMode. . . . . . . . . . . . . . . .  TYPEDEF  -----  U_CHAR   -----  1
WDCON. . . . . . . . . . . . . . . . .  SFR      DATA   U_CHAR   00C0H  1


MODULE INFORMATION:   STATIC OVERLAYABLE
   CODE SIZE        =     93    ----
   CONSTANT SIZE    =   ----    ----
   XDATA SIZE       =      7    ----
   PDATA SIZE       =   ----    ----
   DATA SIZE        =   ----    ----
   IDATA SIZE       =   ----    ----
   BIT SIZE         =   ----    ----
END OF MODULE INFORMATION.


C51 COMPILATION COMPLETE.  2 WARNING(S),  0 ERROR(S)
