C51 COMPILER V9.00   PORTTIMER                                                             06/19/2014 16:55:32 PAGE 1   


C51 COMPILER V9.00, COMPILATION OF MODULE PORTTIMER
OBJECT MODULE PLACED IN porttimer.obj
COMPILER INVOKED BY: C:\Program Files\Keil\C51\BIN\C51.EXE port\porttimer.c LARGE OPTIMIZE(0,SPEED) BROWSE MODAB2 INCDIR
                    -(.\modbus\include;.\modbus;.\port;.\modbus\ascii;.\modbus\rtu;..\uUSO_MASTER) DEBUG OBJECTEXTEND CODE SYMBOLS PRINT(.\po
                    -rttimer.lst) OBJECT(porttimer.obj)

line level    source

   1          /*
   2           * FreeModbus Libary: BARE Port
   3           * Copyright (C) 2006 Christian Walter <wolti@sil.at>
   4           *
   5           * This library is free software; you can redistribute it and/or
   6           * modify it under the terms of the GNU Lesser General Public
   7           * License as published by the Free Software Foundation; either
   8           * version 2.1 of the License, or (at your option) any later version.
   9           *
  10           * This library is distributed in the hope that it will be useful,
  11           * but WITHOUT ANY WARRANTY; without even the implied warranty of
  12           * MERCHANTABILITY or FITNESS FOR A PARTICULAR PURPOSE.  See the GNU
  13           * Lesser General Public License for more details.
  14           *
  15           * You should have received a copy of the GNU Lesser General Public
  16           * License along with this library; if not, write to the Free Software
  17           * Foundation, Inc., 51 Franklin St, Fifth Floor, Boston, MA  02110-1301  USA
  18           *
  19           * File: $Id: porttimer.c,v 1.1 2006/08/22 21:35:13 wolti Exp $
  20           */
  21          
  22          /* ----------------------- Platform includes --------------------------------*/
  23          //#include "includes.h"
  24          #include <ADuC845.h>
  25          /* ----------------------- Modbus includes ----------------------------------*/
  26          #include "mb.h"
*** WARNING C258 IN LINE 41 OF .\MODBUS\RTU\MBRTU.H: 'pucFrame': mspace on parameter ignored
*** WARNING C258 IN LINE 41 OF .\MODBUS\RTU\MBRTU.H: 'pusLength': mspace on parameter ignored
  27          #include "mbport.h"
  28          
  29          /* ----------------------- static functions ---------------------------------*/
  30          static void prvvTIMERExpiredISR( void );
  31          
  32          static unsigned int n;
  33          
  34          sbit TEST_TIM=P2^6;
  35          /* ----------------------- Start implementation -----------------------------*/
  36          BOOL
  37          xMBPortTimersInit( USHORT usTim1Timerout50us )
  38          {
  39   1      
  40   1      
  41   1      //      TMOD &= ~GATE0;   
  42   1      //      TMOD &= ~C_T0;
  43   1      //      TMOD |= T0_M1;
  44   1      
  45   1              TMOD &= 0xF0; // 
  46   1              TMOD |= 0x01; //16bit 
  47   1              n = usTim1Timerout50us;
  48   1      
  49   1          return TRUE;
  50   1      }
  51          
C51 COMPILER V9.00   PORTTIMER                                                             06/19/2014 16:55:32 PAGE 2   

  52          
  53          void
  54          vMBPortTimersEnable(  )
  55          {
  56   1          /* Enable the timer with the timeout passed to xMBPortTimersInit( ) */
  57   1      //      TH0 = U16_HI(0-(F_MCU/12/20000)*n);
  58   1      //      TL0 = U16_LO(0-(F_MCU/12/20000)*n);
  59   1              //TH0=0xFE;
  60   1              TH0=0xA0;;
  61   1              TL0=0xD3;
  62   1      
  63   1              TF0 = 0;
  64   1              ET0 = 1;
  65   1              TR0 = 1;
  66   1      }
  67          
  68          void
  69          vMBPortTimersDisable(  )
  70          {
  71   1          /* Disable any pending timers. */
  72   1              ET0 = 0;
  73   1              TR0 = 0;
  74   1      }
  75          
  76          /* Create an ISR which is called whenever the timer has expired. This function
  77           * must then call pxMBPortCBTimerExpired( ) to notify the protocol stack that
  78           * the timer has expired.
  79           */
  80          static void prvvTIMERExpiredISR( void )  interrupt 1
  81          { 
  82   1      //    ( void )pxMBPortCBTimerExpired(  );               
  83   1              if(eMBCurrentMode==MB_RTU){
  84   2                      xMBRTUTimerT35Expired();
  85   2              }else if(eMBCurrentMode==MB_ASCII){
  86   2                      xMBASCIITimerT1SExpired();
  87   2              }
  88   1      
  89   1              TEST_TIM=~TEST_TIM;
  90   1      }
  91          
  92          void            
  93          vMBPortTimersDelay( USHORT usTimeOutMS )
  94          {
  95   1              usTimeOutMS = usTimeOutMS;
  96   1      }
C51 COMPILER V9.00   PORTTIMER                                                             06/19/2014 16:55:32 PAGE 3   

ASSEMBLY LISTING OF GENERATED OBJECT CODE


             ; FUNCTION _xMBPortTimersInit (BEGIN)
                                           ; SOURCE LINE # 37
0000 900000      R     MOV     DPTR,#usTim1Timerout50us
0003 EE                MOV     A,R6
0004 F0                MOVX    @DPTR,A
0005 A3                INC     DPTR
0006 EF                MOV     A,R7
0007 F0                MOVX    @DPTR,A
                                           ; SOURCE LINE # 38
                                           ; SOURCE LINE # 45
0008 5389F0            ANL     TMOD,#0F0H
                                           ; SOURCE LINE # 46
000B 438901            ORL     TMOD,#01H
                                           ; SOURCE LINE # 47
000E 900000      R     MOV     DPTR,#usTim1Timerout50us
0011 E0                MOVX    A,@DPTR
0012 FE                MOV     R6,A
0013 A3                INC     DPTR
0014 E0                MOVX    A,@DPTR
0015 FF                MOV     R7,A
0016 900000      R     MOV     DPTR,#n
0019 EE                MOV     A,R6
001A F0                MOVX    @DPTR,A
001B A3                INC     DPTR
001C EF                MOV     A,R7
001D F0                MOVX    @DPTR,A
                                           ; SOURCE LINE # 49
001E 7F01              MOV     R7,#01H
                                           ; SOURCE LINE # 50
0020         ?C0001:
0020 22                RET     
             ; FUNCTION _xMBPortTimersInit (END)

             ; FUNCTION vMBPortTimersEnable (BEGIN)
                                           ; SOURCE LINE # 54
                                           ; SOURCE LINE # 55
                                           ; SOURCE LINE # 60
0000 758CA0            MOV     TH0,#0A0H
                                           ; SOURCE LINE # 61
0003 758AD3            MOV     TL0,#0D3H
                                           ; SOURCE LINE # 63
0006 C28D              CLR     TF0
                                           ; SOURCE LINE # 64
0008 D2A9              SETB    ET0
                                           ; SOURCE LINE # 65
000A D28C              SETB    TR0
                                           ; SOURCE LINE # 66
000C         ?C0002:
000C 22                RET     
             ; FUNCTION vMBPortTimersEnable (END)

             ; FUNCTION vMBPortTimersDisable (BEGIN)
                                           ; SOURCE LINE # 69
                                           ; SOURCE LINE # 70
                                           ; SOURCE LINE # 72
0000 C2A9              CLR     ET0
                                           ; SOURCE LINE # 73
0002 C28C              CLR     TR0
                                           ; SOURCE LINE # 74
C51 COMPILER V9.00   PORTTIMER                                                             06/19/2014 16:55:32 PAGE 4   

0004         ?C0003:
0004 22                RET     
             ; FUNCTION vMBPortTimersDisable (END)

             ; FUNCTION prvvTIMERExpiredISR (BEGIN)
0000 C0E0              PUSH    ACC
0002 C0F0              PUSH    B
0004 C083              PUSH    DPH
0006 C082              PUSH    DPL
0008 05A7              INC     DPCON
000A C083              PUSH    DPH
000C C082              PUSH    DPL
000E C0A7              PUSH    DPCON
0010 75A700            MOV     DPCON,#00H
0013 C0D0              PUSH    PSW
0015 75D000            MOV     PSW,#00H
0018 C000              PUSH    AR0
001A C001              PUSH    AR1
001C C002              PUSH    AR2
001E C003              PUSH    AR3
0020 C004              PUSH    AR4
0022 C005              PUSH    AR5
0024 C006              PUSH    AR6
0026 C007              PUSH    AR7
                                           ; SOURCE LINE # 80
                                           ; SOURCE LINE # 83
0028 900000      E     MOV     DPTR,#eMBCurrentMode
002B E0                MOVX    A,@DPTR
002C FF                MOV     R7,A
002D EF                MOV     A,R7
002E 7005              JNZ     ?C0004
                                           ; SOURCE LINE # 84
0030 120000      E     LCALL   xMBRTUTimerT35Expired
                                           ; SOURCE LINE # 85
0033 800C              SJMP    ?C0005
0035         ?C0004:
0035 900000      E     MOV     DPTR,#eMBCurrentMode
0038 E0                MOVX    A,@DPTR
0039 FF                MOV     R7,A
003A EF                MOV     A,R7
003B B40103            CJNE    A,#01H,?C0005
                                           ; SOURCE LINE # 86
003E 120000      E     LCALL   _?xMBASCIITimerT1SExpired
                                           ; SOURCE LINE # 87
0041         ?C0006:
0041         ?C0005:
                                           ; SOURCE LINE # 89
0041 B2A6              CPL     TEST_TIM
                                           ; SOURCE LINE # 90
0043         ?C0007:
0043 D007              POP     AR7
0045 D006              POP     AR6
0047 D005              POP     AR5
0049 D004              POP     AR4
004B D003              POP     AR3
004D D002              POP     AR2
004F D001              POP     AR1
0051 D000              POP     AR0
0053 D0D0              POP     PSW
0055 D0A7              POP     DPCON
0057 D082              POP     DPL
0059 D083              POP     DPH
C51 COMPILER V9.00   PORTTIMER                                                             06/19/2014 16:55:32 PAGE 5   

005B 05A7              INC     DPCON
005D D082              POP     DPL
005F D083              POP     DPH
0061 D0F0              POP     B
0063 D0E0              POP     ACC
0065 32                RETI    
             ; FUNCTION prvvTIMERExpiredISR (END)

             ; FUNCTION _vMBPortTimersDelay (BEGIN)
                                           ; SOURCE LINE # 93
0000 900000      R     MOV     DPTR,#usTimeOutMS
0003 EE                MOV     A,R6
0004 F0                MOVX    @DPTR,A
0005 A3                INC     DPTR
0006 EF                MOV     A,R7
0007 F0                MOVX    @DPTR,A
                                           ; SOURCE LINE # 94
                                           ; SOURCE LINE # 95
0008 900000      R     MOV     DPTR,#usTimeOutMS
000B E0                MOVX    A,@DPTR
000C FE                MOV     R6,A
000D A3                INC     DPTR
000E E0                MOVX    A,@DPTR
000F FF                MOV     R7,A
0010 900000      R     MOV     DPTR,#usTimeOutMS
0013 EE                MOV     A,R6
0014 F0                MOVX    @DPTR,A
0015 A3                INC     DPTR
0016 EF                MOV     A,R7
0017 F0                MOVX    @DPTR,A
                                           ; SOURCE LINE # 96
0018         ?C0008:
0018 22                RET     
             ; FUNCTION _vMBPortTimersDelay (END)

C51 COMPILER V9.00   PORTTIMER                                                             06/19/2014 16:55:32 PAGE 6   

NAME                                    CLASS   MSPACE  TYPE    OFFSET  SIZE
====                                    =====   ======  ====    ======  ====


eMBErrorCode . . . . . . . . . . . . .  TYPEDEF  -----  U_CHAR   -----  1
P2 . . . . . . . . . . . . . . . . . .  SFR      DATA   U_CHAR   00A0H  1
P3 . . . . . . . . . . . . . . . . . .  SFR      DATA   U_CHAR   00B0H  1
EV_FRAME_SENT. . . . . . . . . . . . .  E_CONST  -----  U_CHAR   -----  1
ULONG. . . . . . . . . . . . . . . . .  TYPEDEF  -----  U_LONG   -----  4
ADCSTAT. . . . . . . . . . . . . . . .  SFR      DATA   U_CHAR   00D8H  1
pxMBFunctionHandler. . . . . . . . . .  TYPEDEF  -----  PTR      -----  3
MB_PAR_ODD . . . . . . . . . . . . . .  E_CONST  -----  U_CHAR   -----  1
TEST_TIM . . . . . . . . . . . . . . .  ABSBIT   -----  BIT      00A6H  1
IE . . . . . . . . . . . . . . . . . .  SFR      DATA   U_CHAR   00A8H  1
MB_EX_SLAVE_BUSY . . . . . . . . . . .  E_CONST  -----  U_CHAR   -----  1
EV_EXECUTE . . . . . . . . . . . . . .  E_CONST  -----  U_CHAR   -----  1
SHORT. . . . . . . . . . . . . . . . .  TYPEDEF  -----  INT      -----  2
EV_FRAME_RECEIVED. . . . . . . . . . .  E_CONST  -----  U_CHAR   -----  1
MB_EX_ACKNOWLEDGE. . . . . . . . . . .  E_CONST  -----  U_CHAR   -----  1
xMBFunctionHandler . . . . . . . . . .  TYPEDEF  -----  STRUCT   -----  4
  ucFunctionCode . . . . . . . . . . .  MEMBER   -----  U_CHAR   0000H  1
  pxHandler. . . . . . . . . . . . . .  MEMBER   -----  PTR      0001H  3
IP . . . . . . . . . . . . . . . . . .  SFR      DATA   U_CHAR   00B8H  1
MB_EX_GATEWAY_PATH_FAILED. . . . . . .  E_CONST  -----  U_CHAR   -----  1
_vMBPortTimersDelay. . . . . . . . . .  PUBLIC   CODE   PROC     0000H  -----
  usTimeOutMS. . . . . . . . . . . . .  AUTO     XDATA  U_INT    0000H  2
prvvTIMERExpiredISR. . . . . . . . . .  STATIC   CODE   PROC     0000H  -----
MB_EILLSTATE . . . . . . . . . . . . .  E_CONST  -----  U_CHAR   -----  1
xMBRTUTimerT35Expired. . . . . . . . .  EXTERN   CODE   PROC     -----  -----
MB_EX_NONE . . . . . . . . . . . . . .  E_CONST  -----  U_CHAR   -----  1
CHAR . . . . . . . . . . . . . . . . .  TYPEDEF  -----  CHAR     -----  1
eMBEventType . . . . . . . . . . . . .  TYPEDEF  -----  U_CHAR   -----  1
I2CCON . . . . . . . . . . . . . . . .  SFR      DATA   U_CHAR   00E8H  1
MB_ETIMEDOUT . . . . . . . . . . . . .  E_CONST  -----  U_CHAR   -----  1
DCON . . . . . . . . . . . . . . . . .  SFR      DATA   U_CHAR   00E8H  1
_?xMBASCIITimerT1SExpired. . . . . . .  EXTERN   CODE   PROC     -----  -----
eMBException . . . . . . . . . . . . .  TYPEDEF  -----  U_CHAR   -----  1
BOOL . . . . . . . . . . . . . . . . .  TYPEDEF  -----  CHAR     -----  1
MB_EINVAL. . . . . . . . . . . . . . .  E_CONST  -----  U_CHAR   -----  1
LONG . . . . . . . . . . . . . . . . .  TYPEDEF  -----  LONG     -----  4
MB_ENOREG. . . . . . . . . . . . . . .  E_CONST  -----  U_CHAR   -----  1
SCON . . . . . . . . . . . . . . . . .  SFR      DATA   U_CHAR   0098H  1
MB_EX_ILLEGAL_FUNCTION . . . . . . . .  E_CONST  -----  U_CHAR   -----  1
TMOD . . . . . . . . . . . . . . . . .  SFR      DATA   U_CHAR   0089H  1
TCON . . . . . . . . . . . . . . . . .  SFR      DATA   U_CHAR   0088H  1
MB_REG_WRITE . . . . . . . . . . . . .  E_CONST  -----  U_CHAR   -----  1
MB_ENOERR. . . . . . . . . . . . . . .  E_CONST  -----  U_CHAR   -----  1
MB_ENORES. . . . . . . . . . . . . . .  E_CONST  -----  U_CHAR   -----  1
_xMBPortTimersInit . . . . . . . . . .  PUBLIC   CODE   PROC     0000H  -----
  usTim1Timerout50us . . . . . . . . .  AUTO     XDATA  U_INT    0000H  2
MB_EX_ILLEGAL_DATA_VALUE . . . . . . .  E_CONST  -----  U_CHAR   -----  1
eMBRegisterMode. . . . . . . . . . . .  TYPEDEF  -----  U_CHAR   -----  1
ET0. . . . . . . . . . . . . . . . . .  ABSBIT   -----  BIT      00A9H  1
TF0. . . . . . . . . . . . . . . . . .  ABSBIT   -----  BIT      008DH  1
MB_REG_READ. . . . . . . . . . . . . .  E_CONST  -----  U_CHAR   -----  1
TH0. . . . . . . . . . . . . . . . . .  SFR      DATA   U_CHAR   008CH  1
MB_EIO . . . . . . . . . . . . . . . .  E_CONST  -----  U_CHAR   -----  1
SPICON . . . . . . . . . . . . . . . .  SFR      DATA   U_CHAR   00F8H  1
MB_EX_ILLEGAL_DATA_ADDRESS . . . . . .  E_CONST  -----  U_CHAR   -----  1
TL0. . . . . . . . . . . . . . . . . .  SFR      DATA   U_CHAR   008AH  1
TR0. . . . . . . . . . . . . . . . . .  ABSBIT   -----  BIT      008CH  1
C51 COMPILER V9.00   PORTTIMER                                                             06/19/2014 16:55:32 PAGE 7   

NAME                                    CLASS   MSPACE  TYPE    OFFSET  SIZE
====                                    =====   ======  ====    ======  ====


MB_TCP . . . . . . . . . . . . . . . .  E_CONST  -----  U_CHAR   -----  1
MB_ASCII . . . . . . . . . . . . . . .  E_CONST  -----  U_CHAR   -----  1
MB_EX_GATEWAY_TGT_FAILED . . . . . . .  E_CONST  -----  U_CHAR   -----  1
vMBPortTimersDisable . . . . . . . . .  PUBLIC   CODE   PROC     0000H  -----
MB_PAR_EVEN. . . . . . . . . . . . . .  E_CONST  -----  U_CHAR   -----  1
eMBCurrentMode . . . . . . . . . . . .  EXTERN   XDATA  U_CHAR   -----  1
MB_PAR_NONE. . . . . . . . . . . . . .  E_CONST  -----  U_CHAR   -----  1
MB_EPORTERR. . . . . . . . . . . . . .  E_CONST  -----  U_CHAR   -----  1
USHORT . . . . . . . . . . . . . . . .  TYPEDEF  -----  U_INT    -----  2
T2CON. . . . . . . . . . . . . . . . .  SFR      DATA   U_CHAR   00C8H  1
MB_EX_SLAVE_DEVICE_FAILURE . . . . . .  E_CONST  -----  U_CHAR   -----  1
MB_RTU . . . . . . . . . . . . . . . .  E_CONST  -----  U_CHAR   -----  1
n. . . . . . . . . . . . . . . . . . .  STATIC   XDATA  U_INT    0000H  2
MB_EX_MEMORY_PARITY_ERROR. . . . . . .  E_CONST  -----  U_CHAR   -----  1
vMBPortTimersEnable. . . . . . . . . .  PUBLIC   CODE   PROC     0000H  -----
eMBParity. . . . . . . . . . . . . . .  TYPEDEF  -----  U_CHAR   -----  1
EV_READY . . . . . . . . . . . . . . .  E_CONST  -----  U_CHAR   -----  1
UCHAR. . . . . . . . . . . . . . . . .  TYPEDEF  -----  U_CHAR   -----  1
PSW. . . . . . . . . . . . . . . . . .  SFR      DATA   U_CHAR   00D0H  1
eMBMode. . . . . . . . . . . . . . . .  TYPEDEF  -----  U_CHAR   -----  1
WDCON. . . . . . . . . . . . . . . . .  SFR      DATA   U_CHAR   00C0H  1


MODULE INFORMATION:   STATIC OVERLAYABLE
   CODE SIZE        =    178    ----
   CONSTANT SIZE    =   ----    ----
   XDATA SIZE       =      6    ----
   PDATA SIZE       =   ----    ----
   DATA SIZE        =   ----    ----
   IDATA SIZE       =   ----    ----
   BIT SIZE         =   ----    ----
END OF MODULE INFORMATION.


C51 COMPILATION COMPLETE.  2 WARNING(S),  0 ERROR(S)
