C51 COMPILER V9.00   TIMER2                                                                05/22/2015 09:20:44 PAGE 1   


C51 COMPILER V9.00, COMPILATION OF MODULE TIMER2
OBJECT MODULE PLACED IN timer2.OBJ
COMPILER INVOKED BY: C:\Program Files\Keil\C51\BIN\C51.EXE timer2.c LARGE OPTIMIZE(6,SPEED) BROWSE ORDER NOAREGS DEBUG O
                    -BJECTEXTEND CODE SYMBOLS

line level    source

   1          #include "timer2.h"
   2          //-------------------------------------------------------
   3          void Timer2_Initialize(void) //using 0// инициализация таймера 2-счетного таймера для частотомера
   4          {
   5   1          ET2 = 1;
   6   1              T2CON=0x00;
   7   1              TL2 = 0xFF;
   8   1              TH2 = 0xE7;
   9   1              RCAP2L = 0xFF;
  10   1          RCAP2H = 0xE7; //1024Hz
  11   1              TR2=1;
  12   1              return;
  13   1      }
  14          //-------------------------------------------------------
C51 COMPILER V9.00   TIMER2                                                                05/22/2015 09:20:44 PAGE 2   

ASSEMBLY LISTING OF GENERATED OBJECT CODE


             ; FUNCTION Timer2_Initialize (BEGIN)
                                           ; SOURCE LINE # 3
                                           ; SOURCE LINE # 4
                                           ; SOURCE LINE # 5
0000 D2AD              SETB    ET2
                                           ; SOURCE LINE # 6
0002 E4                CLR     A
0003 F5C8              MOV     T2CON,A
                                           ; SOURCE LINE # 7
0005 75CCFF            MOV     TL2,#0FFH
                                           ; SOURCE LINE # 8
0008 75CDE7            MOV     TH2,#0E7H
                                           ; SOURCE LINE # 9
000B 75CAFF            MOV     RCAP2L,#0FFH
                                           ; SOURCE LINE # 10
000E 75CBE7            MOV     RCAP2H,#0E7H
                                           ; SOURCE LINE # 11
0011 D2CA              SETB    TR2
                                           ; SOURCE LINE # 13
0013         ?C0001:
0013 22                RET     
             ; FUNCTION Timer2_Initialize (END)

C51 COMPILER V9.00   TIMER2                                                                05/22/2015 09:20:44 PAGE 3   

NAME                                    CLASS   MSPACE  TYPE    OFFSET  SIZE
====                                    =====   ======  ====    ======  ====


TCON . . . . . . . . . . . . . . . . .  SFR      DATA   U_CHAR   0088H  1
SCON . . . . . . . . . . . . . . . . .  SFR      DATA   U_CHAR   0098H  1
P2 . . . . . . . . . . . . . . . . . .  SFR      DATA   U_CHAR   00A0H  1
IE . . . . . . . . . . . . . . . . . .  SFR      DATA   U_CHAR   00A8H  1
P3 . . . . . . . . . . . . . . . . . .  SFR      DATA   U_CHAR   00B0H  1
IP . . . . . . . . . . . . . . . . . .  SFR      DATA   U_CHAR   00B8H  1
WDCON. . . . . . . . . . . . . . . . .  SFR      DATA   U_CHAR   00C0H  1
T2CON. . . . . . . . . . . . . . . . .  SFR      DATA   U_CHAR   00C8H  1
RCAP2L . . . . . . . . . . . . . . . .  SFR      DATA   U_CHAR   00CAH  1
RCAP2H . . . . . . . . . . . . . . . .  SFR      DATA   U_CHAR   00CBH  1
TL2. . . . . . . . . . . . . . . . . .  SFR      DATA   U_CHAR   00CCH  1
TH2. . . . . . . . . . . . . . . . . .  SFR      DATA   U_CHAR   00CDH  1
PSW. . . . . . . . . . . . . . . . . .  SFR      DATA   U_CHAR   00D0H  1
ADCSTAT. . . . . . . . . . . . . . . .  SFR      DATA   U_CHAR   00D8H  1
I2CCON . . . . . . . . . . . . . . . .  SFR      DATA   U_CHAR   00E8H  1
DCON . . . . . . . . . . . . . . . . .  SFR      DATA   U_CHAR   00E8H  1
SPICON . . . . . . . . . . . . . . . .  SFR      DATA   U_CHAR   00F8H  1
ET2. . . . . . . . . . . . . . . . . .  ABSBIT   -----  BIT      00ADH  1
TR2. . . . . . . . . . . . . . . . . .  ABSBIT   -----  BIT      00CAH  1
Timer2_Initialize. . . . . . . . . . .  PUBLIC   CODE   PROC     0000H  -----


MODULE INFORMATION:   STATIC OVERLAYABLE
   CODE SIZE        =     20    ----
   CONSTANT SIZE    =   ----    ----
   XDATA SIZE       =   ----    ----
   PDATA SIZE       =   ----    ----
   DATA SIZE        =   ----    ----
   IDATA SIZE       =   ----    ----
   BIT SIZE         =   ----    ----
END OF MODULE INFORMATION.


C51 COMPILATION COMPLETE.  0 WARNING(S),  0 ERROR(S)
