C51 COMPILER V9.53.0.0   TIMER0                                                            05/03/2018 17:44:15 PAGE 1   


C51 COMPILER V9.53.0.0, COMPILATION OF MODULE TIMER0
OBJECT MODULE PLACED IN timer0.OBJ
COMPILER INVOKED BY: C:\Program Files\Keil\C51\BIN\C51.EXE timer0.c LARGE OPTIMIZE(9,SPEED) BROWSE ORDER NOAREGS MODAB2 
                    -DEBUG OBJECTEXTEND TABS(2)

line level    source

   1          #include "timer0.h"
   2          
   3          
   4          void Timer0_Initialize(void) //using 0
   5          {
   6   1        TMOD &= 0xF0; // 1111 0000 очищаем
   7   1        TMOD |= 0x5; // таймер в режим счетчика 16 разрядов 
   8   1      
   9   1        TH0 = TH0_VAL; /// 
  10   1        TL0 = TL0_VAL;//
  11   1        
  12   1      
  13   1        ET0=1;
  14   1        TR0=1;
  15   1        return;
  16   1      }
  17          
  18          


MODULE INFORMATION:   STATIC OVERLAYABLE
   CODE SIZE        =     17    ----
   CONSTANT SIZE    =   ----    ----
   XDATA SIZE       =   ----    ----
   PDATA SIZE       =   ----    ----
   DATA SIZE        =   ----    ----
   IDATA SIZE       =   ----    ----
   BIT SIZE         =   ----    ----
END OF MODULE INFORMATION.


C51 COMPILATION COMPLETE.  0 WARNING(S),  0 ERROR(S)
