C51 COMPILER V9.00   TIMER1                                                                04/24/2015 12:10:38 PAGE 1   


C51 COMPILER V9.00, COMPILATION OF MODULE TIMER1
OBJECT MODULE PLACED IN timer1.OBJ
COMPILER INVOKED BY: C:\Program Files\Keil\C51\BIN\C51.EXE timer1.c LARGE OPTIMIZE(9,SPEED) BROWSE ORDER NOAREGS MODAB2 
                    -DEBUG OBJECTEXTEND

line level    source

   1          #include "timer1.h"
   2          
   3          //---------------------------------------------------------
   4          void Timer1_Initialize(void) //initialize delay timer1
   5          {
   6   1              TMOD &= 0xF; // 0000 1111
   7   1              TMOD |= 0x10; //16bit 
   8   1      
   9   1              TH1     = TH1_VAL; ///1000 Hz; 
  10   1              TL1 = TL1_VAL;//
  11   1              
  12   1      
  13   1              ET1=1;
  14   1              TR1=1;
  15   1              return;
  16   1      }


MODULE INFORMATION:   STATIC OVERLAYABLE
   CODE SIZE        =     17    ----
   CONSTANT SIZE    =   ----    ----
   XDATA SIZE       =   ----    ----
   PDATA SIZE       =   ----    ----
   DATA SIZE        =   ----    ----
   IDATA SIZE       =   ----    ----
   BIT SIZE         =   ----    ----
END OF MODULE INFORMATION.


C51 COMPILATION COMPLETE.  0 WARNING(S),  0 ERROR(S)
