C51 COMPILER V9.00   CHANNELS                                                              10/29/2013 11:03:01 PAGE 1   


C51 COMPILER V9.00, COMPILATION OF MODULE CHANNELS
OBJECT MODULE PLACED IN channels.OBJ
COMPILER INVOKED BY: C:\Program Files\Keil\C51\BIN\C51.EXE channels.c LARGE OPTIMIZE(9,SPEED) BROWSE ORDER NOAREGS MODAB
                    -2 DEBUG OBJECTEXTEND CODE SYMBOLS

line level    source

   1          #include "channels.h"
   2          
   3          
   4          //-----------------------------------
   5          volatile struct Channel xdata channels; 
   6          //-----------------------------------
   7          /*void ChannelsInit(void) //using 0//инициализация структуры каналов
   8          {
   9                  
  10                  Restore_Channels_Data();
  11                  if(channels[0].settings.set.type!=1 || channels[0].settings.set.modific!=0)
  12                  {       
  13                          // КАНАЛ 0 - ДОЛ I2C
  14                          channels[0].number=0;            
  15                          channels[0].settings.set.type=1;
  16                          channels[0].settings.set.modific=0;
  17                          channels[0].settings.set.state_byte_1=0x40;
  18                          channels[0].settings.set.state_byte_2=0x0A;
  19                          channels[0].channel_data=0x0;
  20          
  21                                          // КАНАЛ 1 частота
  22                          channels[1].number=1;            
  23                          channels[1].settings.set.type=2;
  24                          channels[1].settings.set.modific=0;
  25                          channels[1].settings.set.state_byte_1=0x40;
  26                          channels[1].settings.set.state_byte_2=0x0A;
  27                          channels[1].channel_data=0x0;
  28          
  29                                          // КАНАЛ 2 частота средняя
  30                          channels[2].number=2;            
  31                          channels[2].settings.set.type=2;
  32                          channels[2].settings.set.modific=0;
  33                          channels[2].settings.set.state_byte_1=0x40;
  34                          channels[2].settings.set.state_byte_2=0x0A;
  35                          channels[2].channel_data=0x0;
  36                  }
  37                  return;
  38          }
  39          //-----------------------------------
  40          void Store_Channels_Data(void) //using 0//Сохраним данные каналов в ППЗУ
  41          {
  42                  unsigned char i=0;
  43                  for(i=0;i<CHANNEL_NUMBER;i++)
  44                  {
  45                          EEPROM_Write(&channels[i].settings.serialize,1,ADC_SETTINGS_ADDR+i);
  46                  }
  47                  return;
  48          }
  49          //-----------------------------------
  50          void Restore_Channels_Data(void) //using 0//Восстановим данные каналов из ППЗУ
  51          {
  52                  unsigned char i=0;
  53                  for(i=0;i<CHANNEL_NUMBER;i++)
  54                  {
C51 COMPILER V9.00   CHANNELS                                                              10/29/2013 11:03:01 PAGE 2   

  55                          EEPROM_Read(&channels[i].settings.serialize,1,ADC_SETTINGS_ADDR+i);
  56                  }
  57                  return;
  58          }       */
C51 COMPILER V9.00   CHANNELS                                                              10/29/2013 11:03:01 PAGE 3   

ASSEMBLY LISTING OF GENERATED OBJECT CODE


C51 COMPILER V9.00   CHANNELS                                                              10/29/2013 11:03:01 PAGE 4   

NAME                                    CLASS   MSPACE  TYPE    OFFSET  SIZE
====                                    =====   ======  ====    ======  ====


TCON . . . . . . . . . . . . . . . . .  SFR      DATA   U_CHAR   0088H  1
SCON . . . . . . . . . . . . . . . . .  SFR      DATA   U_CHAR   0098H  1
P2 . . . . . . . . . . . . . . . . . .  SFR      DATA   U_CHAR   00A0H  1
IE . . . . . . . . . . . . . . . . . .  SFR      DATA   U_CHAR   00A8H  1
P3 . . . . . . . . . . . . . . . . . .  SFR      DATA   U_CHAR   00B0H  1
IP . . . . . . . . . . . . . . . . . .  SFR      DATA   U_CHAR   00B8H  1
WDCON. . . . . . . . . . . . . . . . .  SFR      DATA   U_CHAR   00C0H  1
T2CON. . . . . . . . . . . . . . . . .  SFR      DATA   U_CHAR   00C8H  1
PSW. . . . . . . . . . . . . . . . . .  SFR      DATA   U_CHAR   00D0H  1
ADCSTAT. . . . . . . . . . . . . . . .  SFR      DATA   U_CHAR   00D8H  1
I2CCON . . . . . . . . . . . . . . . .  SFR      DATA   U_CHAR   00E8H  1
DCON . . . . . . . . . . . . . . . . .  SFR      DATA   U_CHAR   00E8H  1
SPICON . . . . . . . . . . . . . . . .  SFR      DATA   U_CHAR   00F8H  1
Channel. . . . . . . . . . . . . . . .  * TAG *  -----  STRUCT   -----  20
  I2C_CHNL . . . . . . . . . . . . . .  MEMBER   -----  UNION    0000H  11
  transfer . . . . . . . . . . . . . .  MEMBER   -----  U_CHAR   000BH  1
  DOL_buf. . . . . . . . . . . . . . .  MEMBER   -----  U_LONG   000CH  4
  frequency_buf. . . . . . . . . . . .  MEMBER   -----  U_INT    0010H  2
  mid_frequency_buf. . . . . . . . . .  MEMBER   -----  U_INT    0012H  2
channels . . . . . . . . . . . . . . .  PUBLIC   XDATA  STRUCT   0000H  20


MODULE INFORMATION:   STATIC OVERLAYABLE
   CODE SIZE        =   ----    ----
   CONSTANT SIZE    =   ----    ----
   XDATA SIZE       =     20    ----
   PDATA SIZE       =   ----    ----
   DATA SIZE        =   ----    ----
   IDATA SIZE       =   ----    ----
   BIT SIZE         =   ----    ----
END OF MODULE INFORMATION.


C51 COMPILATION COMPLETE.  0 WARNING(S),  0 ERROR(S)
