C51 COMPILER V9.00   DEBUG                                                                 10/30/2013 10:30:14 PAGE 1   


C51 COMPILER V9.00, COMPILATION OF MODULE DEBUG
OBJECT MODULE PLACED IN debug.OBJ
COMPILER INVOKED BY: C:\Program Files\Keil\C51\BIN\C51.EXE debug.c LARGE OPTIMIZE(9,SPEED) BROWSE ORDER NOAREGS MODAB2 D
                    -EBUG OBJECTEXTEND CODE SYMBOLS

line level    source

   1          #include <ADuC845.h>
   2          
   3          
   4          #include "preferences.h"
   5          #include "watchdog.h"
   6          
   7          #include "dol.h"
   8          #include "i2c_slave.h"
   9          #include "frequency.h"
  10          
  11          extern struct Channel xdata channels;//каналы по интерфейсу I2C
  12          
  13          sbit FREQ_IN_CONF=P2^0;
  14           //---------------------------------------
  15          
  16          void main(void) //using 0
  17          {                          
  18   1              EA = 0;
  19   1              
  20   1              //CFG845=0x1;//enable xram
  21   1              
  22   1              PLLCON&=PLLCON_VAL;//настройка частоты процессора
  23   1      //      ChannelsInit();//инициализация настроек каналов
  24   1              FREQ_IN_CONF=1;//подтянем на 1 джампер настройки частотного входа
  25   1      
  26   1              if(FREQ_IN_CONF==0)//джампер установлен
  27   1              {
  28   2                      channels.I2C_CHNL.channels.frequency_modific=CHNL_FREQ_256;     
  29   2              }
  30   1              else
  31   1              {
  32   2                      channels.I2C_CHNL.channels.frequency_modific=CHNL_FREQ_COUNT_T;
  33   2              }
  34   1      
  35   1              Frequency_Init(channels.I2C_CHNL.channels.frequency_modific);
  36   1      
  37   1              Dol_Init();
  38   1      
  39   1              WDT_Init(WDT_2000);//включить сторожевой таймер
  40   1      
  41   1              I2C_Slave_Init();
  42   1              EA=1;
  43   1      
  44   1              while(1)
  45   1              {               
  46   2                Frequency_Measure_Process();
  47   2                WDT_Clear();
  48   2              }
  49   1      }
  50          //-----------------------------------------------------------------------------
C51 COMPILER V9.00   DEBUG                                                                 10/30/2013 10:30:14 PAGE 2   

ASSEMBLY LISTING OF GENERATED OBJECT CODE


             ; FUNCTION main (BEGIN)
                                           ; SOURCE LINE # 16
                                           ; SOURCE LINE # 17
                                           ; SOURCE LINE # 18
0000 C2AF              CLR     EA
                                           ; SOURCE LINE # 22
0002 53D709            ANL     PLLCON,#09H
                                           ; SOURCE LINE # 24
0005 D2A0              SETB    FREQ_IN_CONF
                                           ; SOURCE LINE # 26
0007 20A008            JB      FREQ_IN_CONF,?C0001
                                           ; SOURCE LINE # 27
                                           ; SOURCE LINE # 28
000A 900000      E     MOV     DPTR,#channels+04H
000D 7401              MOV     A,#01H
000F F0                MOVX    @DPTR,A
                                           ; SOURCE LINE # 29
0010 8005              SJMP    ?C0002
0012         ?C0001:
                                           ; SOURCE LINE # 31
                                           ; SOURCE LINE # 32
0012 E4                CLR     A
0013 900000      E     MOV     DPTR,#channels+04H
0016 F0                MOVX    @DPTR,A
                                           ; SOURCE LINE # 33
0017         ?C0002:
                                           ; SOURCE LINE # 35
0017 900000      E     MOV     DPTR,#channels+04H
001A E0                MOVX    A,@DPTR
001B FF                MOV     R7,A
001C 120000      E     LCALL   _Frequency_Init
                                           ; SOURCE LINE # 37
001F 120000      E     LCALL   Dol_Init
                                           ; SOURCE LINE # 39
0022 7F72              MOV     R7,#072H
0024 120000      E     LCALL   _WDT_Init
                                           ; SOURCE LINE # 41
0027 120000      E     LCALL   I2C_Slave_Init
                                           ; SOURCE LINE # 42
002A D2AF              SETB    EA
002C         ?C0003:
                                           ; SOURCE LINE # 44
                                           ; SOURCE LINE # 45
                                           ; SOURCE LINE # 46
002C 120000      E     LCALL   Frequency_Measure_Process
                                           ; SOURCE LINE # 47
002F 120000      E     LCALL   WDT_Clear
                                           ; SOURCE LINE # 48
0032 80F8              SJMP    ?C0003
             ; FUNCTION main (END)

C51 COMPILER V9.00   DEBUG                                                                 10/30/2013 10:30:14 PAGE 3   

NAME                                    CLASS   MSPACE  TYPE    OFFSET  SIZE
====                                    =====   ======  ====    ======  ====


TCON . . . . . . . . . . . . . . . . .  SFR      DATA   U_CHAR   0088H  1
SCON . . . . . . . . . . . . . . . . .  SFR      DATA   U_CHAR   0098H  1
P2 . . . . . . . . . . . . . . . . . .  SFR      DATA   U_CHAR   00A0H  1
IE . . . . . . . . . . . . . . . . . .  SFR      DATA   U_CHAR   00A8H  1
P3 . . . . . . . . . . . . . . . . . .  SFR      DATA   U_CHAR   00B0H  1
IP . . . . . . . . . . . . . . . . . .  SFR      DATA   U_CHAR   00B8H  1
WDCON. . . . . . . . . . . . . . . . .  SFR      DATA   U_CHAR   00C0H  1
T2CON. . . . . . . . . . . . . . . . .  SFR      DATA   U_CHAR   00C8H  1
PSW. . . . . . . . . . . . . . . . . .  SFR      DATA   U_CHAR   00D0H  1
PLLCON . . . . . . . . . . . . . . . .  SFR      DATA   U_CHAR   00D7H  1
ADCSTAT. . . . . . . . . . . . . . . .  SFR      DATA   U_CHAR   00D8H  1
I2CCON . . . . . . . . . . . . . . . .  SFR      DATA   U_CHAR   00E8H  1
DCON . . . . . . . . . . . . . . . . .  SFR      DATA   U_CHAR   00E8H  1
SPICON . . . . . . . . . . . . . . . .  SFR      DATA   U_CHAR   00F8H  1
EA . . . . . . . . . . . . . . . . . .  ABSBIT   -----  BIT      00AFH  1
_WDT_Init. . . . . . . . . . . . . . .  EXTERN   CODE   PROC     -----  -----
WDT_Clear. . . . . . . . . . . . . . .  EXTERN   CODE   PROC     -----  -----
Channel. . . . . . . . . . . . . . . .  * TAG *  -----  STRUCT   -----  20
  I2C_CHNL . . . . . . . . . . . . . .  MEMBER   -----  UNION    0000H  11
  transfer . . . . . . . . . . . . . .  MEMBER   -----  U_CHAR   000BH  1
  DOL_buf. . . . . . . . . . . . . . .  MEMBER   -----  U_LONG   000CH  4
  frequency_buf. . . . . . . . . . . .  MEMBER   -----  U_INT    0010H  2
  mid_frequency_buf. . . . . . . . . .  MEMBER   -----  U_INT    0012H  2
Dol_Init . . . . . . . . . . . . . . .  EXTERN   CODE   PROC     -----  -----
channels . . . . . . . . . . . . . . .  EXTERN   XDATA  STRUCT   -----  20
I2C_Slave_Init . . . . . . . . . . . .  EXTERN   CODE   PROC     -----  -----
Frequency. . . . . . . . . . . . . . .  * TAG *  -----  STRUCT   -----  34
  time_counter . . . . . . . . . . . .  MEMBER   -----  U_INT    0000H  2
  frame. . . . . . . . . . . . . . . .  MEMBER   -----  ARRAY    0002H  32
_Frequency_Init. . . . . . . . . . . .  EXTERN   CODE   PROC     -----  -----
Frequency_Measure_Process. . . . . . .  EXTERN   CODE   PROC     -----  -----
FREQ_IN_CONF . . . . . . . . . . . . .  ABSBIT   -----  BIT      00A0H  1
main . . . . . . . . . . . . . . . . .  PUBLIC   CODE   PROC     0000H  -----


MODULE INFORMATION:   STATIC OVERLAYABLE
   CODE SIZE        =     52    ----
   CONSTANT SIZE    =   ----    ----
   XDATA SIZE       =   ----    ----
   PDATA SIZE       =   ----    ----
   DATA SIZE        =   ----    ----
   IDATA SIZE       =   ----    ----
   BIT SIZE         =   ----    ----
END OF MODULE INFORMATION.


C51 COMPILATION COMPLETE.  0 WARNING(S),  0 ERROR(S)
