C51 COMPILER V9.00   DOL                                                                   10/29/2013 12:19:52 PAGE 1   


C51 COMPILER V9.00, COMPILATION OF MODULE DOL
OBJECT MODULE PLACED IN dol.OBJ
COMPILER INVOKED BY: C:\Program Files\Keil\C51\BIN\C51.EXE dol.c LARGE OPTIMIZE(9,SPEED) BROWSE ORDER NOAREGS MODAB2 DEB
                    -UG OBJECTEXTEND CODE SYMBOLS

line level    source

   1          #include "dol.h"
   2          
   3          #define DOL_CHANNELS    1
   4          #define FIRST_DOL_CHN   0
   5          
   6          #define CLI_EXT  EX0=0;
   7          #define STI_EXT  EX0=1; 
   8          
   9          sbit INTINP=P3^2;//канал прерывания
  10          sbit DIRECT=P3^3 ;
  11          sbit INVERT=P3^4 ;
  12          
  13          //sbit LED=P0^6;
  14          //-------------------------------------------------------- debug
  15           long volatile idata counter_32; //счетчик дола
  16          
  17          
  18          //--------------------------------------------------------
  19          void Dol_Init(void) //инициализация
  20          {
  21   1              counter_32=0x80008000;
  22   1              //channels.I2C_CHNL.channels.DOL=counter_32;
  23   1              channels.DOL_buf=counter_32;
  24   1              DIRECT=1;
  25   1              INVERT=0;
  26   1              IT0=1;//по фронту
  27   1              IE0=0;
  28   1              EX0=1;
  29   1              PX0=1;//приоритет высокий
  30   1              if(!INTINP)     //если сигнал в низком уровне-ситуация пропуска первого импульса, инвертируем
  31   1                      INVERT=!INVERT;
  32   1      
  33   1      //      LED=0;
  34   1              return;
  35   1      }
  36          //--------------------------------------------------------
  37          void INT0_ISR(void) interrupt 0 //using 3//обработчик внешнего прерывания 0
  38          {
  39   1              CLI_EXT
  40   1              INVERT=!INVERT;
  41   1              if(DIRECT)
  42   1              {
  43   2                      counter_32++;
  44   2              }
  45   1              else
  46   1              {
  47   2                      counter_32--;
  48   2              }
  49   1      
  50   1              if(channels.transfer==0)        //если передачи нет
  51   1              {
  52   2                      //channels.I2C_CHNL.channels.DOL=counter_32;
  53   2                      channels.DOL_buf=counter_32;
  54   2              }
C51 COMPILER V9.00   DOL                                                                   10/29/2013 12:19:52 PAGE 2   

  55   1              
  56   1              STI_EXT
  57   1              return;
  58   1      }
  59          //------------------------------------------------------------
C51 COMPILER V9.00   DOL                                                                   10/29/2013 12:19:52 PAGE 3   

ASSEMBLY LISTING OF GENERATED OBJECT CODE


             ; FUNCTION Com0008 (BEGIN)
0000         L?0009:
0000 7800        R     MOV     R0,#LOW counter_32
0002 120000      E     LCALL   ?C?LLDIDATA
0005 900000      E     MOV     DPTR,#channels+0CH
0008 020000      E     LJMP    ?C?LSTXDATA
             ; FUNCTION Com0008 (END)

             ; FUNCTION Dol_Init (BEGIN)
                                           ; SOURCE LINE # 19
                                           ; SOURCE LINE # 20
                                           ; SOURCE LINE # 21
0000 7800        R     MOV     R0,#LOW counter_32
0002 120000      E     LCALL   ?C?LSTKIDATA
0005 80                DB      080H
0006 00                DB      00H
0007 80                DB      080H
0008 00                DB      00H
                                           ; SOURCE LINE # 23
0009 120000      R     LCALL   L?0009
                                           ; SOURCE LINE # 24
000C D2B3              SETB    DIRECT
                                           ; SOURCE LINE # 25
000E C2B4              CLR     INVERT
                                           ; SOURCE LINE # 26
0010 D288              SETB    IT0
                                           ; SOURCE LINE # 27
0012 C289              CLR     IE0
                                           ; SOURCE LINE # 28
0014 D2A8              SETB    EX0
                                           ; SOURCE LINE # 29
0016 D2B8              SETB    PX0
                                           ; SOURCE LINE # 30
0018 20B202            JB      INTINP,?C0002
                                           ; SOURCE LINE # 31
001B B2B4              CPL     INVERT
                                           ; SOURCE LINE # 35
001D         ?C0002:
001D 22                RET     
             ; FUNCTION Dol_Init (END)

             ; FUNCTION INT0_ISR (BEGIN)
0000 C0E0              PUSH    ACC
0002 C0F0              PUSH    B
0004 C083              PUSH    DPH
0006 C082              PUSH    DPL
0008 05A7              INC     DPCON
000A C083              PUSH    DPH
000C C082              PUSH    DPL
000E C0A7              PUSH    DPCON
0010 75A700            MOV     DPCON,#00H
0013 C0D0              PUSH    PSW
0015 E8                MOV     A,R0
0016 C0E0              PUSH    ACC
0018 E9                MOV     A,R1
0019 C0E0              PUSH    ACC
001B EA                MOV     A,R2
001C C0E0              PUSH    ACC
001E EC                MOV     A,R4
C51 COMPILER V9.00   DOL                                                                   10/29/2013 12:19:52 PAGE 4   

001F C0E0              PUSH    ACC
0021 ED                MOV     A,R5
0022 C0E0              PUSH    ACC
0024 EE                MOV     A,R6
0025 C0E0              PUSH    ACC
0027 EF                MOV     A,R7
0028 C0E0              PUSH    ACC
                                           ; SOURCE LINE # 37
                                           ; SOURCE LINE # 39
002A C2A8              CLR     EX0
                                           ; SOURCE LINE # 40
002C B2B4              CPL     INVERT
                                           ; SOURCE LINE # 41
002E 7800        R     MOV     R0,#LOW counter_32
0030 30B315            JNB     DIRECT,?C0003
                                           ; SOURCE LINE # 42
                                           ; SOURCE LINE # 43
0033 120000      E     LCALL   ?C?LLDIDATA
0036 E4                CLR     A
0037 FA                MOV     R2,A
0038 F9                MOV     R1,A
0039 F8                MOV     R0,A
003A EF                MOV     A,R7
003B 2401              ADD     A,#01H
003D FF                MOV     R7,A
003E EA                MOV     A,R2
003F 3E                ADDC    A,R6
0040 FE                MOV     R6,A
0041 E9                MOV     A,R1
0042 3D                ADDC    A,R5
0043 FD                MOV     R5,A
0044 E8                MOV     A,R0
0045 3C                ADDC    A,R4
                                           ; SOURCE LINE # 44
0046 8012              SJMP    ?C0007
0048         ?C0003:
                                           ; SOURCE LINE # 46
                                           ; SOURCE LINE # 47
0048 120000      E     LCALL   ?C?LLDIDATA
004B 74FF              MOV     A,#0FFH
004D 2F                ADD     A,R7
004E FF                MOV     R7,A
004F EE                MOV     A,R6
0050 34FF              ADDC    A,#0FFH
0052 FE                MOV     R6,A
0053 ED                MOV     A,R5
0054 34FF              ADDC    A,#0FFH
0056 FD                MOV     R5,A
0057 EC                MOV     A,R4
0058 34FF              ADDC    A,#0FFH
005A         ?C0007:
005A FC                MOV     R4,A
005B 7800        R     MOV     R0,#LOW counter_32
005D 120000      E     LCALL   ?C?LSTIDATA
                                           ; SOURCE LINE # 48
0060         ?C0004:
                                           ; SOURCE LINE # 50
0060 900000      E     MOV     DPTR,#channels+0BH
0063 E0                MOVX    A,@DPTR
0064 7003              JNZ     ?C0005
                                           ; SOURCE LINE # 51
                                           ; SOURCE LINE # 53
C51 COMPILER V9.00   DOL                                                                   10/29/2013 12:19:52 PAGE 5   

0066 120000      R     LCALL   L?0009
                                           ; SOURCE LINE # 54
0069         ?C0005:
                                           ; SOURCE LINE # 56
0069 D2A8              SETB    EX0
                                           ; SOURCE LINE # 58
006B         ?C0006:
006B D0E0              POP     ACC
006D FF                MOV     R7,A
006E D0E0              POP     ACC
0070 FE                MOV     R6,A
0071 D0E0              POP     ACC
0073 FD                MOV     R5,A
0074 D0E0              POP     ACC
0076 FC                MOV     R4,A
0077 D0E0              POP     ACC
0079 FA                MOV     R2,A
007A D0E0              POP     ACC
007C F9                MOV     R1,A
007D D0E0              POP     ACC
007F F8                MOV     R0,A
0080 D0D0              POP     PSW
0082 D0A7              POP     DPCON
0084 D082              POP     DPL
0086 D083              POP     DPH
0088 05A7              INC     DPCON
008A D082              POP     DPL
008C D083              POP     DPH
008E D0F0              POP     B
0090 D0E0              POP     ACC
0092 32                RETI    
             ; FUNCTION INT0_ISR (END)

C51 COMPILER V9.00   DOL                                                                   10/29/2013 12:19:52 PAGE 6   

NAME                                    CLASS   MSPACE  TYPE    OFFSET  SIZE
====                                    =====   ======  ====    ======  ====


TCON . . . . . . . . . . . . . . . . .  SFR      DATA   U_CHAR   0088H  1
SCON . . . . . . . . . . . . . . . . .  SFR      DATA   U_CHAR   0098H  1
P2 . . . . . . . . . . . . . . . . . .  SFR      DATA   U_CHAR   00A0H  1
IE . . . . . . . . . . . . . . . . . .  SFR      DATA   U_CHAR   00A8H  1
P3 . . . . . . . . . . . . . . . . . .  SFR      DATA   U_CHAR   00B0H  1
IP . . . . . . . . . . . . . . . . . .  SFR      DATA   U_CHAR   00B8H  1
WDCON. . . . . . . . . . . . . . . . .  SFR      DATA   U_CHAR   00C0H  1
T2CON. . . . . . . . . . . . . . . . .  SFR      DATA   U_CHAR   00C8H  1
PSW. . . . . . . . . . . . . . . . . .  SFR      DATA   U_CHAR   00D0H  1
ADCSTAT. . . . . . . . . . . . . . . .  SFR      DATA   U_CHAR   00D8H  1
I2CCON . . . . . . . . . . . . . . . .  SFR      DATA   U_CHAR   00E8H  1
DCON . . . . . . . . . . . . . . . . .  SFR      DATA   U_CHAR   00E8H  1
SPICON . . . . . . . . . . . . . . . .  SFR      DATA   U_CHAR   00F8H  1
IE0. . . . . . . . . . . . . . . . . .  ABSBIT   -----  BIT      0089H  1
IT0. . . . . . . . . . . . . . . . . .  ABSBIT   -----  BIT      0088H  1
EX0. . . . . . . . . . . . . . . . . .  ABSBIT   -----  BIT      00A8H  1
PX0. . . . . . . . . . . . . . . . . .  ABSBIT   -----  BIT      00B8H  1
Channel. . . . . . . . . . . . . . . .  * TAG *  -----  STRUCT   -----  20
  I2C_CHNL . . . . . . . . . . . . . .  MEMBER   -----  UNION    0000H  11
  transfer . . . . . . . . . . . . . .  MEMBER   -----  U_CHAR   000BH  1
  DOL_buf. . . . . . . . . . . . . . .  MEMBER   -----  U_LONG   000CH  4
  frequency_buf. . . . . . . . . . . .  MEMBER   -----  U_INT    0010H  2
  mid_frequency_buf. . . . . . . . . .  MEMBER   -----  U_INT    0012H  2
Dol_Init . . . . . . . . . . . . . . .  PUBLIC   CODE   PROC     0000H  -----
INT0_ISR . . . . . . . . . . . . . . .  PUBLIC   CODE   PROC     0000H  -----
channels . . . . . . . . . . . . . . .  EXTERN   XDATA  STRUCT   -----  20
INTINP . . . . . . . . . . . . . . . .  ABSBIT   -----  BIT      00B2H  1
DIRECT . . . . . . . . . . . . . . . .  ABSBIT   -----  BIT      00B3H  1
INVERT . . . . . . . . . . . . . . . .  ABSBIT   -----  BIT      00B4H  1
counter_32 . . . . . . . . . . . . . .  PUBLIC   IDATA  LONG     0000H  4


MODULE INFORMATION:   STATIC OVERLAYABLE
   CODE SIZE        =    188    ----
   CONSTANT SIZE    =   ----    ----
   XDATA SIZE       =   ----    ----
   PDATA SIZE       =   ----    ----
   DATA SIZE        =   ----    ----
   IDATA SIZE       =      4    ----
   BIT SIZE         =   ----    ----
END OF MODULE INFORMATION.


C51 COMPILATION COMPLETE.  0 WARNING(S),  0 ERROR(S)
